2026-03-29 11:29:53.673 [restartedMain] INFO  com.rabbiter.oes.OnlineExamSystemApplication - Starting OnlineExamSystemApplication on csazh with PID 66604 (F:\OnlineExamSystemApi\target\classes started by csj00 in F:\OnlineExamSystemApi)
2026-03-29 11:29:53.674 [restartedMain] INFO  com.rabbiter.oes.OnlineExamSystemApplication - No active profile set, falling back to default profiles: default
2026-03-29 11:29:53.698 [restartedMain] INFO  o.s.b.d.env.DevToolsPropertyDefaultsPostProcessor - Devtools property defaults active! Set 'spring.devtools.add-properties' to 'false' to disable
2026-03-29 11:29:53.698 [restartedMain] INFO  o.s.b.d.env.DevToolsPropertyDefaultsPostProcessor - For additional web related logging consider setting the 'logging.level.web' property to 'DEBUG'
2026-03-29 11:29:54.684 [restartedMain] INFO  c.u.j.c.EnableEncryptablePropertiesBeanFactoryPostProcessor - Post-processing PropertySource instances
2026-03-29 11:29:54.684 [restartedMain] INFO  c.u.j.EncryptablePropertySourceConverter - Skipping PropertySource configurationProperties [class org.springframework.boot.context.properties.source.ConfigurationPropertySourcesPropertySource
2026-03-29 11:29:54.684 [restartedMain] INFO  c.u.j.EncryptablePropertySourceConverter - Skipping PropertySource servletConfigInitParams [class org.springframework.core.env.PropertySource$StubPropertySource
2026-03-29 11:29:54.684 [restartedMain] INFO  c.u.j.EncryptablePropertySourceConverter - Skipping PropertySource servletContextInitParams [class org.springframework.core.env.PropertySource$StubPropertySource
2026-03-29 11:29:54.684 [restartedMain] INFO  c.u.j.EncryptablePropertySourceConverter - Converting PropertySource systemProperties [org.springframework.core.env.MapPropertySource] to EncryptableMapPropertySourceWrapper
2026-03-29 11:29:54.684 [restartedMain] INFO  c.u.j.EncryptablePropertySourceConverter - Converting PropertySource systemEnvironment [org.springframework.boot.env.SystemEnvironmentPropertySourceEnvironmentPostProcessor$OriginAwareSystemEnvironmentPropertySource] to EncryptableSystemEnvironmentPropertySourceWrapper
2026-03-29 11:29:54.685 [restartedMain] INFO  c.u.j.EncryptablePropertySourceConverter - Converting PropertySource random [org.springframework.boot.env.RandomValuePropertySource] to EncryptablePropertySourceWrapper
2026-03-29 11:29:54.685 [restartedMain] INFO  c.u.j.EncryptablePropertySourceConverter - Converting PropertySource applicationConfig: [classpath:/application.properties] [org.springframework.boot.env.OriginTrackedMapPropertySource] to EncryptableMapPropertySourceWrapper
2026-03-29 11:29:54.685 [restartedMain] INFO  c.u.j.EncryptablePropertySourceConverter - Converting PropertySource devtools [org.springframework.core.env.MapPropertySource] to EncryptableMapPropertySourceWrapper
2026-03-29 11:29:54.739 [restartedMain] INFO  c.u.j.filter.DefaultLazyPropertyFilter - Property Filter custom Bean not found with name 'encryptablePropertyFilter'. Initializing Default Property Filter
2026-03-29 11:29:54.744 [restartedMain] INFO  c.u.j.resolver.DefaultLazyPropertyResolver - Property Resolver custom Bean not found with name 'encryptablePropertyResolver'. Initializing Default Property Resolver
2026-03-29 11:29:54.744 [restartedMain] INFO  c.u.j.detector.DefaultLazyPropertyDetector - Property Detector custom Bean not found with name 'encryptablePropertyDetector'. Initializing Default Property Detector
2026-03-29 11:29:55.163 [restartedMain] INFO  o.s.boot.web.embedded.tomcat.TomcatWebServer - Tomcat initialized with port(s): 9201 (http)
2026-03-29 11:29:55.171 [restartedMain] INFO  org.apache.coyote.http11.Http11NioProtocol - Initializing ProtocolHandler ["http-nio-9201"]
2026-03-29 11:29:55.174 [restartedMain] INFO  org.apache.catalina.core.StandardService - Starting service [Tomcat]
2026-03-29 11:29:55.174 [restartedMain] INFO  org.apache.catalina.core.StandardEngine - Starting Servlet engine: [Apache Tomcat/9.0.14]
2026-03-29 11:29:55.179 [restartedMain] INFO  org.apache.catalina.core.AprLifecycleListener - The APR based Apache Tomcat Native library which allows optimal performance in production environments was not found on the java.library.path: [C:\Users\csj00\.jdks\corretto-1.8.0_412\bin;C:\WINDOWS\Sun\Java\bin;C:\WINDOWS\system32;C:\WINDOWS;F:\vaware\bin\;C:\enviroment\java\bin;C:\Program Files\Common Files\Oracle\Java\javapath;C:\Windows\system32;C:\Windows;C:\Windows\System32\Wbem;C:\Windows\System32\WindowsPowerShell\v1.0\;C:\Windows\System32\OpenSSH\;C:\Program Files (x86)\NVIDIA Corporation\PhysX\Common;C:\WINDOWS\system32;C:\WINDOWS;C:\WINDOWS\System32\Wbem;C:\WINDOWS\System32\WindowsPowerShell\v1.0\;C:\WINDOWS\System32\OpenSSH\;E:\matlab\runtime\win64;E:\matlab\bin;C:\Program Files\dotnet\;E:\MinGW\MinGW\MinGW\bin;E:\SQL\160\Tools\Binn\;C:\Program Files\Microsoft SQL Server\160\Tools\Binn\;C:\Program Files\Microsoft SQL Server\Client SDK\ODBC\170\Tools\Binn\;C:\Program Files\Microsoft SQL Server\160\DTS\Binn\;E:\SQL\160\DTS\Binn\;C:\enviroment\apache-maven-3.9.8\bin;C:\Program Files\MySQL\MySQL Server 8.0\bin;F:\Windows Kits\10\Windows Performance Toolkit\;F:\envirmont\opencv\build\x64\vc16\bin;F:\vivo\pcsuite\;F:\redis\;C:\Program Files\Git\cmd;C:\Program Files\Bandizip\;C:\Program Files\NVIDIA Corporation\NVIDIA App\NvDLISR;F:\cursor\resources\app\bin;C:\Program Files\Docker\Docker\resources\bin;C:\Users\csj00\AppData\Local\nvm;C:\nvm4w\nodejs;D:\nodejs\;C:\Users\csj00\.local\bin;C:\Users\csj00\AppData\Local\Programs\Python\Python313\Scripts\;C:\Users\csj00\AppData\Local\Programs\Python\Python313\;C:\Program Files\MySQL\MySQL Shell 8.0\bin\;C:\Users\csj00\AppData\Local\Microsoft\WindowsApps;E:\vscode\Microsoft VS Code\bin;E:\IntelliJ IDEA 2025.3.2\bin;D:\PyCharm 2025.3.2.1\bin;F:\新建文件夹 (3)\CLion 2024.3.2\bin;;C:\Users\csj00\AppData\Local\Pandoc\;F:\Qoder\bin;F:\Antigravity\bin;C:\Users\csj00\AppData\Local\nvm;C:\nvm4w\nodejs;C:\Users\csj00\AppData\Roaming\npm;.]
2026-03-29 11:29:55.226 [restartedMain] INFO  o.a.c.core.ContainerBase.[Tomcat].[localhost].[/] - Initializing Spring embedded WebApplicationContext
2026-03-29 11:29:55.226 [restartedMain] INFO  org.springframework.web.context.ContextLoader - Root WebApplicationContext: initialization completed in 1528 ms
2026-03-29 11:29:55.266 [restartedMain] INFO  c.u.j.encryptor.DefaultLazyEncryptor - String Encryptor custom Bean not found with name 'jasyptStringEncryptor'. Initializing Default String Encryptor
2026-03-29 11:29:55.273 [restartedMain] INFO  c.u.j.configuration.StringEncryptorBuilder - Encryptor config not found for property jasypt.encryptor.key-obtention-iterations, using default value: 1000
2026-03-29 11:29:55.273 [restartedMain] INFO  c.u.j.configuration.StringEncryptorBuilder - Encryptor config not found for property jasypt.encryptor.pool-size, using default value: 1
2026-03-29 11:29:55.273 [restartedMain] INFO  c.u.j.configuration.StringEncryptorBuilder - Encryptor config not found for property jasypt.encryptor.provider-name, using default value: null
2026-03-29 11:29:55.273 [restartedMain] INFO  c.u.j.configuration.StringEncryptorBuilder - Encryptor config not found for property jasypt.encryptor.provider-class-name, using default value: null
2026-03-29 11:29:55.273 [restartedMain] INFO  c.u.j.configuration.StringEncryptorBuilder - Encryptor config not found for property jasypt.encryptor.salt-generator-classname, using default value: org.jasypt.salt.RandomSaltGenerator
2026-03-29 11:29:55.274 [restartedMain] INFO  c.u.j.configuration.StringEncryptorBuilder - Encryptor config not found for property jasypt.encryptor.string-output-type, using default value: base64
2026-03-29 11:29:55.295 [restartedMain] INFO  org.apache.catalina.core.StandardService - Stopping service [Tomcat]
2026-03-29 11:29:55.307 [restartedMain] INFO  o.s.b.a.l.ConditionEvaluationReportLoggingListener - 

Error starting ApplicationContext. To display the conditions report re-run your application with 'debug' enabled.
2026-03-29 11:30:36.960 [restartedMain] INFO  com.rabbiter.oes.OnlineExamSystemApplication - Starting OnlineExamSystemApplication on csazh with PID 63756 (F:\OnlineExamSystemApi\target\classes started by csj00 in F:\OnlineExamSystemApi)
2026-03-29 11:30:36.961 [restartedMain] INFO  com.rabbiter.oes.OnlineExamSystemApplication - No active profile set, falling back to default profiles: default
2026-03-29 11:30:36.987 [restartedMain] INFO  o.s.b.d.env.DevToolsPropertyDefaultsPostProcessor - Devtools property defaults active! Set 'spring.devtools.add-properties' to 'false' to disable
2026-03-29 11:30:36.987 [restartedMain] INFO  o.s.b.d.env.DevToolsPropertyDefaultsPostProcessor - For additional web related logging consider setting the 'logging.level.web' property to 'DEBUG'
2026-03-29 11:30:37.466 [restartedMain] INFO  c.u.j.c.EnableEncryptablePropertiesBeanFactoryPostProcessor - Post-processing PropertySource instances
2026-03-29 11:30:37.466 [restartedMain] INFO  c.u.j.EncryptablePropertySourceConverter - Skipping PropertySource configurationProperties [class org.springframework.boot.context.properties.source.ConfigurationPropertySourcesPropertySource
2026-03-29 11:30:37.466 [restartedMain] INFO  c.u.j.EncryptablePropertySourceConverter - Skipping PropertySource servletConfigInitParams [class org.springframework.core.env.PropertySource$StubPropertySource
2026-03-29 11:30:37.468 [restartedMain] INFO  c.u.j.EncryptablePropertySourceConverter - Skipping PropertySource servletContextInitParams [class org.springframework.core.env.PropertySource$StubPropertySource
2026-03-29 11:30:37.468 [restartedMain] INFO  c.u.j.EncryptablePropertySourceConverter - Converting PropertySource systemProperties [org.springframework.core.env.MapPropertySource] to EncryptableMapPropertySourceWrapper
2026-03-29 11:30:37.468 [restartedMain] INFO  c.u.j.EncryptablePropertySourceConverter - Converting PropertySource systemEnvironment [org.springframework.boot.env.SystemEnvironmentPropertySourceEnvironmentPostProcessor$OriginAwareSystemEnvironmentPropertySource] to EncryptableSystemEnvironmentPropertySourceWrapper
2026-03-29 11:30:37.468 [restartedMain] INFO  c.u.j.EncryptablePropertySourceConverter - Converting PropertySource random [org.springframework.boot.env.RandomValuePropertySource] to EncryptablePropertySourceWrapper
2026-03-29 11:30:37.468 [restartedMain] INFO  c.u.j.EncryptablePropertySourceConverter - Converting PropertySource applicationConfig: [classpath:/application.properties] [org.springframework.boot.env.OriginTrackedMapPropertySource] to EncryptableMapPropertySourceWrapper
2026-03-29 11:30:37.468 [restartedMain] INFO  c.u.j.EncryptablePropertySourceConverter - Converting PropertySource devtools [org.springframework.core.env.MapPropertySource] to EncryptableMapPropertySourceWrapper
2026-03-29 11:30:37.526 [restartedMain] INFO  c.u.j.filter.DefaultLazyPropertyFilter - Property Filter custom Bean not found with name 'encryptablePropertyFilter'. Initializing Default Property Filter
2026-03-29 11:30:37.531 [restartedMain] INFO  c.u.j.resolver.DefaultLazyPropertyResolver - Property Resolver custom Bean not found with name 'encryptablePropertyResolver'. Initializing Default Property Resolver
2026-03-29 11:30:37.531 [restartedMain] INFO  c.u.j.detector.DefaultLazyPropertyDetector - Property Detector custom Bean not found with name 'encryptablePropertyDetector'. Initializing Default Property Detector
2026-03-29 11:30:37.937 [restartedMain] INFO  o.s.boot.web.embedded.tomcat.TomcatWebServer - Tomcat initialized with port(s): 9201 (http)
2026-03-29 11:30:37.944 [restartedMain] INFO  org.apache.coyote.http11.Http11NioProtocol - Initializing ProtocolHandler ["http-nio-9201"]
2026-03-29 11:30:37.949 [restartedMain] INFO  org.apache.catalina.core.StandardService - Starting service [Tomcat]
2026-03-29 11:30:37.949 [restartedMain] INFO  org.apache.catalina.core.StandardEngine - Starting Servlet engine: [Apache Tomcat/9.0.14]
2026-03-29 11:30:37.952 [restartedMain] INFO  org.apache.catalina.core.AprLifecycleListener - The APR based Apache Tomcat Native library which allows optimal performance in production environments was not found on the java.library.path: [C:\Users\csj00\.jdks\corretto-1.8.0_412\bin;C:\WINDOWS\Sun\Java\bin;C:\WINDOWS\system32;C:\WINDOWS;F:\vaware\bin\;C:\enviroment\java\bin;C:\Program Files\Common Files\Oracle\Java\javapath;C:\Windows\system32;C:\Windows;C:\Windows\System32\Wbem;C:\Windows\System32\WindowsPowerShell\v1.0\;C:\Windows\System32\OpenSSH\;C:\Program Files (x86)\NVIDIA Corporation\PhysX\Common;C:\WINDOWS\system32;C:\WINDOWS;C:\WINDOWS\System32\Wbem;C:\WINDOWS\System32\WindowsPowerShell\v1.0\;C:\WINDOWS\System32\OpenSSH\;E:\matlab\runtime\win64;E:\matlab\bin;C:\Program Files\dotnet\;E:\MinGW\MinGW\MinGW\bin;E:\SQL\160\Tools\Binn\;C:\Program Files\Microsoft SQL Server\160\Tools\Binn\;C:\Program Files\Microsoft SQL Server\Client SDK\ODBC\170\Tools\Binn\;C:\Program Files\Microsoft SQL Server\160\DTS\Binn\;E:\SQL\160\DTS\Binn\;C:\enviroment\apache-maven-3.9.8\bin;C:\Program Files\MySQL\MySQL Server 8.0\bin;F:\Windows Kits\10\Windows Performance Toolkit\;F:\envirmont\opencv\build\x64\vc16\bin;F:\vivo\pcsuite\;F:\redis\;C:\Program Files\Git\cmd;C:\Program Files\Bandizip\;C:\Program Files\NVIDIA Corporation\NVIDIA App\NvDLISR;F:\cursor\resources\app\bin;C:\Program Files\Docker\Docker\resources\bin;C:\Users\csj00\AppData\Local\nvm;C:\nvm4w\nodejs;D:\nodejs\;C:\Users\csj00\.local\bin;C:\Users\csj00\AppData\Local\Programs\Python\Python313\Scripts\;C:\Users\csj00\AppData\Local\Programs\Python\Python313\;C:\Program Files\MySQL\MySQL Shell 8.0\bin\;C:\Users\csj00\AppData\Local\Microsoft\WindowsApps;E:\vscode\Microsoft VS Code\bin;E:\IntelliJ IDEA 2025.3.2\bin;D:\PyCharm 2025.3.2.1\bin;F:\新建文件夹 (3)\CLion 2024.3.2\bin;;C:\Users\csj00\AppData\Local\Pandoc\;F:\Qoder\bin;F:\Antigravity\bin;C:\Users\csj00\AppData\Local\nvm;C:\nvm4w\nodejs;C:\Users\csj00\AppData\Roaming\npm;.]
2026-03-29 11:30:37.997 [restartedMain] INFO  o.a.c.core.ContainerBase.[Tomcat].[localhost].[/] - Initializing Spring embedded WebApplicationContext
2026-03-29 11:30:37.998 [restartedMain] INFO  org.springframework.web.context.ContextLoader - Root WebApplicationContext: initialization completed in 1011 ms
2026-03-29 11:30:38.031 [restartedMain] INFO  c.u.j.encryptor.DefaultLazyEncryptor - String Encryptor custom Bean not found with name 'jasyptStringEncryptor'. Initializing Default String Encryptor
2026-03-29 11:30:38.035 [restartedMain] INFO  c.u.j.configuration.StringEncryptorBuilder - Encryptor config not found for property jasypt.encryptor.key-obtention-iterations, using default value: 1000
2026-03-29 11:30:38.036 [restartedMain] INFO  c.u.j.configuration.StringEncryptorBuilder - Encryptor config not found for property jasypt.encryptor.pool-size, using default value: 1
2026-03-29 11:30:38.036 [restartedMain] INFO  c.u.j.configuration.StringEncryptorBuilder - Encryptor config not found for property jasypt.encryptor.provider-name, using default value: null
2026-03-29 11:30:38.036 [restartedMain] INFO  c.u.j.configuration.StringEncryptorBuilder - Encryptor config not found for property jasypt.encryptor.provider-class-name, using default value: null
2026-03-29 11:30:38.036 [restartedMain] INFO  c.u.j.configuration.StringEncryptorBuilder - Encryptor config not found for property jasypt.encryptor.salt-generator-classname, using default value: org.jasypt.salt.RandomSaltGenerator
2026-03-29 11:30:38.036 [restartedMain] INFO  c.u.j.configuration.StringEncryptorBuilder - Encryptor config not found for property jasypt.encryptor.string-output-type, using default value: base64
2026-03-29 11:30:38.054 [restartedMain] INFO  org.apache.catalina.core.StandardService - Stopping service [Tomcat]
2026-03-29 11:30:38.062 [restartedMain] INFO  o.s.b.a.l.ConditionEvaluationReportLoggingListener - 

Error starting ApplicationContext. To display the conditions report re-run your application with 'debug' enabled.
2026-03-29 11:30:44.240 [restartedMain] INFO  com.rabbiter.oes.OnlineExamSystemApplication - Starting OnlineExamSystemApplication on csazh with PID 49832 (F:\OnlineExamSystemApi\target\classes started by csj00 in F:\OnlineExamSystemApi)
2026-03-29 11:30:44.241 [restartedMain] INFO  com.rabbiter.oes.OnlineExamSystemApplication - No active profile set, falling back to default profiles: default
2026-03-29 11:30:44.263 [restartedMain] INFO  o.s.b.d.env.DevToolsPropertyDefaultsPostProcessor - Devtools property defaults active! Set 'spring.devtools.add-properties' to 'false' to disable
2026-03-29 11:30:44.263 [restartedMain] INFO  o.s.b.d.env.DevToolsPropertyDefaultsPostProcessor - For additional web related logging consider setting the 'logging.level.web' property to 'DEBUG'
2026-03-29 11:30:44.724 [restartedMain] INFO  c.u.j.c.EnableEncryptablePropertiesBeanFactoryPostProcessor - Post-processing PropertySource instances
2026-03-29 11:30:44.724 [restartedMain] INFO  c.u.j.EncryptablePropertySourceConverter - Skipping PropertySource configurationProperties [class org.springframework.boot.context.properties.source.ConfigurationPropertySourcesPropertySource
2026-03-29 11:30:44.724 [restartedMain] INFO  c.u.j.EncryptablePropertySourceConverter - Skipping PropertySource servletConfigInitParams [class org.springframework.core.env.PropertySource$StubPropertySource
2026-03-29 11:30:44.724 [restartedMain] INFO  c.u.j.EncryptablePropertySourceConverter - Skipping PropertySource servletContextInitParams [class org.springframework.core.env.PropertySource$StubPropertySource
2026-03-29 11:30:44.725 [restartedMain] INFO  c.u.j.EncryptablePropertySourceConverter - Converting PropertySource systemProperties [org.springframework.core.env.MapPropertySource] to EncryptableMapPropertySourceWrapper
2026-03-29 11:30:44.725 [restartedMain] INFO  c.u.j.EncryptablePropertySourceConverter - Converting PropertySource systemEnvironment [org.springframework.boot.env.SystemEnvironmentPropertySourceEnvironmentPostProcessor$OriginAwareSystemEnvironmentPropertySource] to EncryptableSystemEnvironmentPropertySourceWrapper
2026-03-29 11:30:44.726 [restartedMain] INFO  c.u.j.EncryptablePropertySourceConverter - Converting PropertySource random [org.springframework.boot.env.RandomValuePropertySource] to EncryptablePropertySourceWrapper
2026-03-29 11:30:44.726 [restartedMain] INFO  c.u.j.EncryptablePropertySourceConverter - Converting PropertySource applicationConfig: [classpath:/application.properties] [org.springframework.boot.env.OriginTrackedMapPropertySource] to EncryptableMapPropertySourceWrapper
2026-03-29 11:30:44.726 [restartedMain] INFO  c.u.j.EncryptablePropertySourceConverter - Converting PropertySource devtools [org.springframework.core.env.MapPropertySource] to EncryptableMapPropertySourceWrapper
2026-03-29 11:30:44.780 [restartedMain] INFO  c.u.j.filter.DefaultLazyPropertyFilter - Property Filter custom Bean not found with name 'encryptablePropertyFilter'. Initializing Default Property Filter
2026-03-29 11:30:44.784 [restartedMain] INFO  c.u.j.resolver.DefaultLazyPropertyResolver - Property Resolver custom Bean not found with name 'encryptablePropertyResolver'. Initializing Default Property Resolver
2026-03-29 11:30:44.785 [restartedMain] INFO  c.u.j.detector.DefaultLazyPropertyDetector - Property Detector custom Bean not found with name 'encryptablePropertyDetector'. Initializing Default Property Detector
2026-03-29 11:30:45.184 [restartedMain] INFO  o.s.boot.web.embedded.tomcat.TomcatWebServer - Tomcat initialized with port(s): 9201 (http)
2026-03-29 11:30:45.191 [restartedMain] INFO  org.apache.coyote.http11.Http11NioProtocol - Initializing ProtocolHandler ["http-nio-9201"]
2026-03-29 11:30:45.195 [restartedMain] INFO  org.apache.catalina.core.StandardService - Starting service [Tomcat]
2026-03-29 11:30:45.195 [restartedMain] INFO  org.apache.catalina.core.StandardEngine - Starting Servlet engine: [Apache Tomcat/9.0.14]
2026-03-29 11:30:45.198 [restartedMain] INFO  org.apache.catalina.core.AprLifecycleListener - The APR based Apache Tomcat Native library which allows optimal performance in production environments was not found on the java.library.path: [C:\Users\csj00\.jdks\corretto-1.8.0_412\bin;C:\WINDOWS\Sun\Java\bin;C:\WINDOWS\system32;C:\WINDOWS;F:\vaware\bin\;C:\enviroment\java\bin;C:\Program Files\Common Files\Oracle\Java\javapath;C:\Windows\system32;C:\Windows;C:\Windows\System32\Wbem;C:\Windows\System32\WindowsPowerShell\v1.0\;C:\Windows\System32\OpenSSH\;C:\Program Files (x86)\NVIDIA Corporation\PhysX\Common;C:\WINDOWS\system32;C:\WINDOWS;C:\WINDOWS\System32\Wbem;C:\WINDOWS\System32\WindowsPowerShell\v1.0\;C:\WINDOWS\System32\OpenSSH\;E:\matlab\runtime\win64;E:\matlab\bin;C:\Program Files\dotnet\;E:\MinGW\MinGW\MinGW\bin;E:\SQL\160\Tools\Binn\;C:\Program Files\Microsoft SQL Server\160\Tools\Binn\;C:\Program Files\Microsoft SQL Server\Client SDK\ODBC\170\Tools\Binn\;C:\Program Files\Microsoft SQL Server\160\DTS\Binn\;E:\SQL\160\DTS\Binn\;C:\enviroment\apache-maven-3.9.8\bin;C:\Program Files\MySQL\MySQL Server 8.0\bin;F:\Windows Kits\10\Windows Performance Toolkit\;F:\envirmont\opencv\build\x64\vc16\bin;F:\vivo\pcsuite\;F:\redis\;C:\Program Files\Git\cmd;C:\Program Files\Bandizip\;C:\Program Files\NVIDIA Corporation\NVIDIA App\NvDLISR;F:\cursor\resources\app\bin;C:\Program Files\Docker\Docker\resources\bin;C:\Users\csj00\AppData\Local\nvm;C:\nvm4w\nodejs;D:\nodejs\;C:\Users\csj00\.local\bin;C:\Users\csj00\AppData\Local\Programs\Python\Python313\Scripts\;C:\Users\csj00\AppData\Local\Programs\Python\Python313\;C:\Program Files\MySQL\MySQL Shell 8.0\bin\;C:\Users\csj00\AppData\Local\Microsoft\WindowsApps;E:\vscode\Microsoft VS Code\bin;E:\IntelliJ IDEA 2025.3.2\bin;D:\PyCharm 2025.3.2.1\bin;F:\新建文件夹 (3)\CLion 2024.3.2\bin;;C:\Users\csj00\AppData\Local\Pandoc\;F:\Qoder\bin;F:\Antigravity\bin;C:\Users\csj00\AppData\Local\nvm;C:\nvm4w\nodejs;C:\Users\csj00\AppData\Roaming\npm;.]
2026-03-29 11:30:45.241 [restartedMain] INFO  o.a.c.core.ContainerBase.[Tomcat].[localhost].[/] - Initializing Spring embedded WebApplicationContext
2026-03-29 11:30:45.241 [restartedMain] INFO  org.springframework.web.context.ContextLoader - Root WebApplicationContext: initialization completed in 978 ms
2026-03-29 11:30:45.268 [restartedMain] INFO  c.u.j.encryptor.DefaultLazyEncryptor - String Encryptor custom Bean not found with name 'jasyptStringEncryptor'. Initializing Default String Encryptor
2026-03-29 11:30:45.273 [restartedMain] INFO  c.u.j.configuration.StringEncryptorBuilder - Encryptor config not found for property jasypt.encryptor.key-obtention-iterations, using default value: 1000
2026-03-29 11:30:45.273 [restartedMain] INFO  c.u.j.configuration.StringEncryptorBuilder - Encryptor config not found for property jasypt.encryptor.pool-size, using default value: 1
2026-03-29 11:30:45.273 [restartedMain] INFO  c.u.j.configuration.StringEncryptorBuilder - Encryptor config not found for property jasypt.encryptor.provider-name, using default value: null
2026-03-29 11:30:45.273 [restartedMain] INFO  c.u.j.configuration.StringEncryptorBuilder - Encryptor config not found for property jasypt.encryptor.provider-class-name, using default value: null
2026-03-29 11:30:45.273 [restartedMain] INFO  c.u.j.configuration.StringEncryptorBuilder - Encryptor config not found for property jasypt.encryptor.salt-generator-classname, using default value: org.jasypt.salt.RandomSaltGenerator
2026-03-29 11:30:45.274 [restartedMain] INFO  c.u.j.configuration.StringEncryptorBuilder - Encryptor config not found for property jasypt.encryptor.string-output-type, using default value: base64
2026-03-29 11:30:45.294 [restartedMain] INFO  org.apache.catalina.core.StandardService - Stopping service [Tomcat]
2026-03-29 11:30:45.302 [restartedMain] INFO  o.s.b.a.l.ConditionEvaluationReportLoggingListener - 

Error starting ApplicationContext. To display the conditions report re-run your application with 'debug' enabled.
2026-03-29 11:40:42.847 [restartedMain] INFO  com.rabbiter.oes.OnlineExamSystemApplication - Starting OnlineExamSystemApplication on csazh with PID 77808 (F:\OnlineExamSystemApi\target\classes started by csj00 in F:\OnlineExamSystemApi)
2026-03-29 11:40:42.848 [restartedMain] INFO  com.rabbiter.oes.OnlineExamSystemApplication - No active profile set, falling back to default profiles: default
2026-03-29 11:40:42.877 [restartedMain] INFO  o.s.b.d.env.DevToolsPropertyDefaultsPostProcessor - Devtools property defaults active! Set 'spring.devtools.add-properties' to 'false' to disable
2026-03-29 11:40:42.877 [restartedMain] INFO  o.s.b.d.env.DevToolsPropertyDefaultsPostProcessor - For additional web related logging consider setting the 'logging.level.web' property to 'DEBUG'
2026-03-29 11:40:44.950 [restartedMain] INFO  c.u.j.c.EnableEncryptablePropertiesBeanFactoryPostProcessor - Post-processing PropertySource instances
2026-03-29 11:40:44.950 [restartedMain] INFO  c.u.j.EncryptablePropertySourceConverter - Skipping PropertySource configurationProperties [class org.springframework.boot.context.properties.source.ConfigurationPropertySourcesPropertySource
2026-03-29 11:40:44.950 [restartedMain] INFO  c.u.j.EncryptablePropertySourceConverter - Skipping PropertySource servletConfigInitParams [class org.springframework.core.env.PropertySource$StubPropertySource
2026-03-29 11:40:44.950 [restartedMain] INFO  c.u.j.EncryptablePropertySourceConverter - Skipping PropertySource servletContextInitParams [class org.springframework.core.env.PropertySource$StubPropertySource
2026-03-29 11:40:44.952 [restartedMain] INFO  c.u.j.EncryptablePropertySourceConverter - Converting PropertySource systemProperties [org.springframework.core.env.MapPropertySource] to EncryptableMapPropertySourceWrapper
2026-03-29 11:40:44.952 [restartedMain] INFO  c.u.j.EncryptablePropertySourceConverter - Converting PropertySource systemEnvironment [org.springframework.boot.env.SystemEnvironmentPropertySourceEnvironmentPostProcessor$OriginAwareSystemEnvironmentPropertySource] to EncryptableSystemEnvironmentPropertySourceWrapper
2026-03-29 11:40:44.952 [restartedMain] INFO  c.u.j.EncryptablePropertySourceConverter - Converting PropertySource random [org.springframework.boot.env.RandomValuePropertySource] to EncryptablePropertySourceWrapper
2026-03-29 11:40:44.952 [restartedMain] INFO  c.u.j.EncryptablePropertySourceConverter - Converting PropertySource applicationConfig: [classpath:/application.properties] [org.springframework.boot.env.OriginTrackedMapPropertySource] to EncryptableMapPropertySourceWrapper
2026-03-29 11:40:44.952 [restartedMain] INFO  c.u.j.EncryptablePropertySourceConverter - Converting PropertySource devtools [org.springframework.core.env.MapPropertySource] to EncryptableMapPropertySourceWrapper
2026-03-29 11:40:45.011 [restartedMain] INFO  c.u.j.filter.DefaultLazyPropertyFilter - Property Filter custom Bean not found with name 'encryptablePropertyFilter'. Initializing Default Property Filter
2026-03-29 11:40:45.014 [restartedMain] INFO  c.u.j.resolver.DefaultLazyPropertyResolver - Property Resolver custom Bean not found with name 'encryptablePropertyResolver'. Initializing Default Property Resolver
2026-03-29 11:40:45.015 [restartedMain] INFO  c.u.j.detector.DefaultLazyPropertyDetector - Property Detector custom Bean not found with name 'encryptablePropertyDetector'. Initializing Default Property Detector
2026-03-29 11:40:45.435 [restartedMain] INFO  o.s.boot.web.embedded.tomcat.TomcatWebServer - Tomcat initialized with port(s): 9201 (http)
2026-03-29 11:40:45.441 [restartedMain] INFO  org.apache.coyote.http11.Http11NioProtocol - Initializing ProtocolHandler ["http-nio-9201"]
2026-03-29 11:40:45.446 [restartedMain] INFO  org.apache.catalina.core.StandardService - Starting service [Tomcat]
2026-03-29 11:40:45.446 [restartedMain] INFO  org.apache.catalina.core.StandardEngine - Starting Servlet engine: [Apache Tomcat/9.0.14]
2026-03-29 11:40:45.450 [restartedMain] INFO  org.apache.catalina.core.AprLifecycleListener - The APR based Apache Tomcat Native library which allows optimal performance in production environments was not found on the java.library.path: [C:\Users\csj00\.jdks\corretto-1.8.0_412\bin;C:\WINDOWS\Sun\Java\bin;C:\WINDOWS\system32;C:\WINDOWS;F:\vaware\bin\;C:\enviroment\java\bin;C:\Program Files\Common Files\Oracle\Java\javapath;C:\Windows\system32;C:\Windows;C:\Windows\System32\Wbem;C:\Windows\System32\WindowsPowerShell\v1.0\;C:\Windows\System32\OpenSSH\;C:\Program Files (x86)\NVIDIA Corporation\PhysX\Common;C:\WINDOWS\system32;C:\WINDOWS;C:\WINDOWS\System32\Wbem;C:\WINDOWS\System32\WindowsPowerShell\v1.0\;C:\WINDOWS\System32\OpenSSH\;E:\matlab\runtime\win64;E:\matlab\bin;C:\Program Files\dotnet\;E:\MinGW\MinGW\MinGW\bin;E:\SQL\160\Tools\Binn\;C:\Program Files\Microsoft SQL Server\160\Tools\Binn\;C:\Program Files\Microsoft SQL Server\Client SDK\ODBC\170\Tools\Binn\;C:\Program Files\Microsoft SQL Server\160\DTS\Binn\;E:\SQL\160\DTS\Binn\;C:\enviroment\apache-maven-3.9.8\bin;C:\Program Files\MySQL\MySQL Server 8.0\bin;F:\Windows Kits\10\Windows Performance Toolkit\;F:\envirmont\opencv\build\x64\vc16\bin;F:\vivo\pcsuite\;F:\redis\;C:\Program Files\Git\cmd;C:\Program Files\Bandizip\;C:\Program Files\NVIDIA Corporation\NVIDIA App\NvDLISR;F:\cursor\resources\app\bin;C:\Program Files\Docker\Docker\resources\bin;C:\Users\csj00\AppData\Local\nvm;C:\nvm4w\nodejs;D:\nodejs\;C:\Users\csj00\.local\bin;C:\Users\csj00\AppData\Local\Programs\Python\Python313\Scripts\;C:\Users\csj00\AppData\Local\Programs\Python\Python313\;C:\Program Files\MySQL\MySQL Shell 8.0\bin\;C:\Users\csj00\AppData\Local\Microsoft\WindowsApps;E:\vscode\Microsoft VS Code\bin;E:\IntelliJ IDEA 2025.3.2\bin;D:\PyCharm 2025.3.2.1\bin;F:\新建文件夹 (3)\CLion 2024.3.2\bin;;C:\Users\csj00\AppData\Local\Pandoc\;F:\Qoder\bin;F:\Antigravity\bin;C:\Users\csj00\AppData\Local\nvm;C:\nvm4w\nodejs;C:\Users\csj00\AppData\Roaming\npm;.]
2026-03-29 11:40:45.504 [restartedMain] INFO  o.a.c.core.ContainerBase.[Tomcat].[localhost].[/] - Initializing Spring embedded WebApplicationContext
2026-03-29 11:40:45.504 [restartedMain] INFO  org.springframework.web.context.ContextLoader - Root WebApplicationContext: initialization completed in 2627 ms
2026-03-29 11:40:45.610 [restartedMain] INFO  org.apache.catalina.core.StandardService - Stopping service [Tomcat]
2026-03-29 11:40:45.619 [restartedMain] INFO  o.s.b.a.l.ConditionEvaluationReportLoggingListener - 

Error starting ApplicationContext. To display the conditions report re-run your application with 'debug' enabled.
2026-03-29 11:42:47.485 [restartedMain] INFO  com.rabbiter.oes.OnlineExamSystemApplication - Starting OnlineExamSystemApplication on csazh with PID 55356 (F:\OnlineExamSystemApi\target\classes started by csj00 in F:\OnlineExamSystemApi)
2026-03-29 11:42:47.486 [restartedMain] INFO  com.rabbiter.oes.OnlineExamSystemApplication - No active profile set, falling back to default profiles: default
2026-03-29 11:42:47.512 [restartedMain] INFO  o.s.b.d.env.DevToolsPropertyDefaultsPostProcessor - Devtools property defaults active! Set 'spring.devtools.add-properties' to 'false' to disable
2026-03-29 11:42:47.512 [restartedMain] INFO  o.s.b.d.env.DevToolsPropertyDefaultsPostProcessor - For additional web related logging consider setting the 'logging.level.web' property to 'DEBUG'
2026-03-29 11:42:47.994 [restartedMain] INFO  c.u.j.c.EnableEncryptablePropertiesBeanFactoryPostProcessor - Post-processing PropertySource instances
2026-03-29 11:42:47.994 [restartedMain] INFO  c.u.j.EncryptablePropertySourceConverter - Skipping PropertySource configurationProperties [class org.springframework.boot.context.properties.source.ConfigurationPropertySourcesPropertySource
2026-03-29 11:42:47.994 [restartedMain] INFO  c.u.j.EncryptablePropertySourceConverter - Skipping PropertySource servletConfigInitParams [class org.springframework.core.env.PropertySource$StubPropertySource
2026-03-29 11:42:47.994 [restartedMain] INFO  c.u.j.EncryptablePropertySourceConverter - Skipping PropertySource servletContextInitParams [class org.springframework.core.env.PropertySource$StubPropertySource
2026-03-29 11:42:47.996 [restartedMain] INFO  c.u.j.EncryptablePropertySourceConverter - Converting PropertySource systemProperties [org.springframework.core.env.MapPropertySource] to EncryptableMapPropertySourceWrapper
2026-03-29 11:42:47.996 [restartedMain] INFO  c.u.j.EncryptablePropertySourceConverter - Converting PropertySource systemEnvironment [org.springframework.boot.env.SystemEnvironmentPropertySourceEnvironmentPostProcessor$OriginAwareSystemEnvironmentPropertySource] to EncryptableSystemEnvironmentPropertySourceWrapper
2026-03-29 11:42:47.996 [restartedMain] INFO  c.u.j.EncryptablePropertySourceConverter - Converting PropertySource random [org.springframework.boot.env.RandomValuePropertySource] to EncryptablePropertySourceWrapper
2026-03-29 11:42:47.996 [restartedMain] INFO  c.u.j.EncryptablePropertySourceConverter - Converting PropertySource applicationConfig: [classpath:/application.properties] [org.springframework.boot.env.OriginTrackedMapPropertySource] to EncryptableMapPropertySourceWrapper
2026-03-29 11:42:47.996 [restartedMain] INFO  c.u.j.EncryptablePropertySourceConverter - Converting PropertySource devtools [org.springframework.core.env.MapPropertySource] to EncryptableMapPropertySourceWrapper
2026-03-29 11:42:48.056 [restartedMain] INFO  c.u.j.filter.DefaultLazyPropertyFilter - Property Filter custom Bean not found with name 'encryptablePropertyFilter'. Initializing Default Property Filter
2026-03-29 11:42:48.059 [restartedMain] INFO  c.u.j.resolver.DefaultLazyPropertyResolver - Property Resolver custom Bean not found with name 'encryptablePropertyResolver'. Initializing Default Property Resolver
2026-03-29 11:42:48.059 [restartedMain] INFO  c.u.j.detector.DefaultLazyPropertyDetector - Property Detector custom Bean not found with name 'encryptablePropertyDetector'. Initializing Default Property Detector
2026-03-29 11:42:48.455 [restartedMain] INFO  o.s.boot.web.embedded.tomcat.TomcatWebServer - Tomcat initialized with port(s): 9201 (http)
2026-03-29 11:42:48.462 [restartedMain] INFO  org.apache.coyote.http11.Http11NioProtocol - Initializing ProtocolHandler ["http-nio-9201"]
2026-03-29 11:42:48.465 [restartedMain] INFO  org.apache.catalina.core.StandardService - Starting service [Tomcat]
2026-03-29 11:42:48.465 [restartedMain] INFO  org.apache.catalina.core.StandardEngine - Starting Servlet engine: [Apache Tomcat/9.0.14]
2026-03-29 11:42:48.469 [restartedMain] INFO  org.apache.catalina.core.AprLifecycleListener - The APR based Apache Tomcat Native library which allows optimal performance in production environments was not found on the java.library.path: [C:\Users\csj00\.jdks\corretto-1.8.0_412\bin;C:\WINDOWS\Sun\Java\bin;C:\WINDOWS\system32;C:\WINDOWS;F:\vaware\bin\;C:\enviroment\java\bin;C:\Program Files\Common Files\Oracle\Java\javapath;C:\Windows\system32;C:\Windows;C:\Windows\System32\Wbem;C:\Windows\System32\WindowsPowerShell\v1.0\;C:\Windows\System32\OpenSSH\;C:\Program Files (x86)\NVIDIA Corporation\PhysX\Common;C:\WINDOWS\system32;C:\WINDOWS;C:\WINDOWS\System32\Wbem;C:\WINDOWS\System32\WindowsPowerShell\v1.0\;C:\WINDOWS\System32\OpenSSH\;E:\matlab\runtime\win64;E:\matlab\bin;C:\Program Files\dotnet\;E:\MinGW\MinGW\MinGW\bin;E:\SQL\160\Tools\Binn\;C:\Program Files\Microsoft SQL Server\160\Tools\Binn\;C:\Program Files\Microsoft SQL Server\Client SDK\ODBC\170\Tools\Binn\;C:\Program Files\Microsoft SQL Server\160\DTS\Binn\;E:\SQL\160\DTS\Binn\;C:\enviroment\apache-maven-3.9.8\bin;C:\Program Files\MySQL\MySQL Server 8.0\bin;F:\Windows Kits\10\Windows Performance Toolkit\;F:\envirmont\opencv\build\x64\vc16\bin;F:\vivo\pcsuite\;F:\redis\;C:\Program Files\Git\cmd;C:\Program Files\Bandizip\;C:\Program Files\NVIDIA Corporation\NVIDIA App\NvDLISR;F:\cursor\resources\app\bin;C:\Program Files\Docker\Docker\resources\bin;C:\Users\csj00\AppData\Local\nvm;C:\nvm4w\nodejs;D:\nodejs\;C:\Users\csj00\.local\bin;C:\Users\csj00\AppData\Local\Programs\Python\Python313\Scripts\;C:\Users\csj00\AppData\Local\Programs\Python\Python313\;C:\Program Files\MySQL\MySQL Shell 8.0\bin\;C:\Users\csj00\AppData\Local\Microsoft\WindowsApps;E:\vscode\Microsoft VS Code\bin;E:\IntelliJ IDEA 2025.3.2\bin;D:\PyCharm 2025.3.2.1\bin;F:\新建文件夹 (3)\CLion 2024.3.2\bin;;C:\Users\csj00\AppData\Local\Pandoc\;F:\Qoder\bin;F:\Antigravity\bin;C:\Users\csj00\AppData\Local\nvm;C:\nvm4w\nodejs;C:\Users\csj00\AppData\Roaming\npm;.]
2026-03-29 11:42:48.512 [restartedMain] INFO  o.a.c.core.ContainerBase.[Tomcat].[localhost].[/] - Initializing Spring embedded WebApplicationContext
2026-03-29 11:42:48.512 [restartedMain] INFO  org.springframework.web.context.ContextLoader - Root WebApplicationContext: initialization completed in 1000 ms
2026-03-29 11:42:48.599 [restartedMain] INFO  org.apache.catalina.core.StandardService - Stopping service [Tomcat]
2026-03-29 11:42:48.607 [restartedMain] INFO  o.s.b.a.l.ConditionEvaluationReportLoggingListener - 

Error starting ApplicationContext. To display the conditions report re-run your application with 'debug' enabled.
2026-03-29 11:44:55.121 [restartedMain] INFO  com.rabbiter.oes.OnlineExamSystemApplication - Starting OnlineExamSystemApplication on csazh with PID 68744 (F:\OnlineExamSystemApi\target\classes started by csj00 in F:\OnlineExamSystemApi)
2026-03-29 11:44:55.121 [restartedMain] INFO  com.rabbiter.oes.OnlineExamSystemApplication - No active profile set, falling back to default profiles: default
2026-03-29 11:44:55.150 [restartedMain] INFO  o.s.b.d.env.DevToolsPropertyDefaultsPostProcessor - Devtools property defaults active! Set 'spring.devtools.add-properties' to 'false' to disable
2026-03-29 11:44:55.150 [restartedMain] INFO  o.s.b.d.env.DevToolsPropertyDefaultsPostProcessor - For additional web related logging consider setting the 'logging.level.web' property to 'DEBUG'
2026-03-29 11:44:55.632 [restartedMain] INFO  c.u.j.c.EnableEncryptablePropertiesBeanFactoryPostProcessor - Post-processing PropertySource instances
2026-03-29 11:44:55.632 [restartedMain] INFO  c.u.j.EncryptablePropertySourceConverter - Skipping PropertySource configurationProperties [class org.springframework.boot.context.properties.source.ConfigurationPropertySourcesPropertySource
2026-03-29 11:44:55.632 [restartedMain] INFO  c.u.j.EncryptablePropertySourceConverter - Skipping PropertySource servletConfigInitParams [class org.springframework.core.env.PropertySource$StubPropertySource
2026-03-29 11:44:55.632 [restartedMain] INFO  c.u.j.EncryptablePropertySourceConverter - Skipping PropertySource servletContextInitParams [class org.springframework.core.env.PropertySource$StubPropertySource
2026-03-29 11:44:55.632 [restartedMain] INFO  c.u.j.EncryptablePropertySourceConverter - Converting PropertySource systemProperties [org.springframework.core.env.MapPropertySource] to EncryptableMapPropertySourceWrapper
2026-03-29 11:44:55.632 [restartedMain] INFO  c.u.j.EncryptablePropertySourceConverter - Converting PropertySource systemEnvironment [org.springframework.boot.env.SystemEnvironmentPropertySourceEnvironmentPostProcessor$OriginAwareSystemEnvironmentPropertySource] to EncryptableSystemEnvironmentPropertySourceWrapper
2026-03-29 11:44:55.632 [restartedMain] INFO  c.u.j.EncryptablePropertySourceConverter - Converting PropertySource random [org.springframework.boot.env.RandomValuePropertySource] to EncryptablePropertySourceWrapper
2026-03-29 11:44:55.632 [restartedMain] INFO  c.u.j.EncryptablePropertySourceConverter - Converting PropertySource applicationConfig: [classpath:/application.properties] [org.springframework.boot.env.OriginTrackedMapPropertySource] to EncryptableMapPropertySourceWrapper
2026-03-29 11:44:55.632 [restartedMain] INFO  c.u.j.EncryptablePropertySourceConverter - Converting PropertySource devtools [org.springframework.core.env.MapPropertySource] to EncryptableMapPropertySourceWrapper
2026-03-29 11:44:55.686 [restartedMain] INFO  c.u.j.filter.DefaultLazyPropertyFilter - Property Filter custom Bean not found with name 'encryptablePropertyFilter'. Initializing Default Property Filter
2026-03-29 11:44:55.687 [restartedMain] INFO  c.u.j.resolver.DefaultLazyPropertyResolver - Property Resolver custom Bean not found with name 'encryptablePropertyResolver'. Initializing Default Property Resolver
2026-03-29 11:44:55.689 [restartedMain] INFO  c.u.j.detector.DefaultLazyPropertyDetector - Property Detector custom Bean not found with name 'encryptablePropertyDetector'. Initializing Default Property Detector
2026-03-29 11:44:56.089 [restartedMain] INFO  o.s.boot.web.embedded.tomcat.TomcatWebServer - Tomcat initialized with port(s): 9201 (http)
2026-03-29 11:44:56.095 [restartedMain] INFO  org.apache.coyote.http11.Http11NioProtocol - Initializing ProtocolHandler ["http-nio-9201"]
2026-03-29 11:44:56.100 [restartedMain] INFO  org.apache.catalina.core.StandardService - Starting service [Tomcat]
2026-03-29 11:44:56.100 [restartedMain] INFO  org.apache.catalina.core.StandardEngine - Starting Servlet engine: [Apache Tomcat/9.0.14]
2026-03-29 11:44:56.103 [restartedMain] INFO  org.apache.catalina.core.AprLifecycleListener - The APR based Apache Tomcat Native library which allows optimal performance in production environments was not found on the java.library.path: [C:\Users\csj00\.jdks\corretto-1.8.0_412\bin;C:\WINDOWS\Sun\Java\bin;C:\WINDOWS\system32;C:\WINDOWS;F:\vaware\bin\;C:\enviroment\java\bin;C:\Program Files\Common Files\Oracle\Java\javapath;C:\Windows\system32;C:\Windows;C:\Windows\System32\Wbem;C:\Windows\System32\WindowsPowerShell\v1.0\;C:\Windows\System32\OpenSSH\;C:\Program Files (x86)\NVIDIA Corporation\PhysX\Common;C:\WINDOWS\system32;C:\WINDOWS;C:\WINDOWS\System32\Wbem;C:\WINDOWS\System32\WindowsPowerShell\v1.0\;C:\WINDOWS\System32\OpenSSH\;E:\matlab\runtime\win64;E:\matlab\bin;C:\Program Files\dotnet\;E:\MinGW\MinGW\MinGW\bin;E:\SQL\160\Tools\Binn\;C:\Program Files\Microsoft SQL Server\160\Tools\Binn\;C:\Program Files\Microsoft SQL Server\Client SDK\ODBC\170\Tools\Binn\;C:\Program Files\Microsoft SQL Server\160\DTS\Binn\;E:\SQL\160\DTS\Binn\;C:\enviroment\apache-maven-3.9.8\bin;C:\Program Files\MySQL\MySQL Server 8.0\bin;F:\Windows Kits\10\Windows Performance Toolkit\;F:\envirmont\opencv\build\x64\vc16\bin;F:\vivo\pcsuite\;F:\redis\;C:\Program Files\Git\cmd;C:\Program Files\Bandizip\;C:\Program Files\NVIDIA Corporation\NVIDIA App\NvDLISR;F:\cursor\resources\app\bin;C:\Program Files\Docker\Docker\resources\bin;C:\Users\csj00\AppData\Local\nvm;C:\nvm4w\nodejs;D:\nodejs\;C:\Users\csj00\.local\bin;C:\Users\csj00\AppData\Local\Programs\Python\Python313\Scripts\;C:\Users\csj00\AppData\Local\Programs\Python\Python313\;C:\Program Files\MySQL\MySQL Shell 8.0\bin\;C:\Users\csj00\AppData\Local\Microsoft\WindowsApps;E:\vscode\Microsoft VS Code\bin;E:\IntelliJ IDEA 2025.3.2\bin;D:\PyCharm 2025.3.2.1\bin;F:\新建文件夹 (3)\CLion 2024.3.2\bin;;C:\Users\csj00\AppData\Local\Pandoc\;F:\Qoder\bin;F:\Antigravity\bin;C:\Users\csj00\AppData\Local\nvm;C:\nvm4w\nodejs;C:\Users\csj00\AppData\Roaming\npm;.]
2026-03-29 11:44:56.147 [restartedMain] INFO  o.a.c.core.ContainerBase.[Tomcat].[localhost].[/] - Initializing Spring embedded WebApplicationContext
2026-03-29 11:44:56.147 [restartedMain] INFO  org.springframework.web.context.ContextLoader - Root WebApplicationContext: initialization completed in 997 ms
2026-03-29 11:44:56.230 [restartedMain] INFO  org.apache.catalina.core.StandardService - Stopping service [Tomcat]
2026-03-29 11:44:56.238 [restartedMain] INFO  o.s.b.a.l.ConditionEvaluationReportLoggingListener - 

Error starting ApplicationContext. To display the conditions report re-run your application with 'debug' enabled.
2026-03-29 11:49:21.874 [restartedMain] INFO  com.rabbiter.oes.OnlineExamSystemApplication - Starting OnlineExamSystemApplication on csazh with PID 67012 (F:\OnlineExamSystemApi\target\classes started by csj00 in F:\OnlineExamSystemApi)
2026-03-29 11:49:21.874 [restartedMain] INFO  com.rabbiter.oes.OnlineExamSystemApplication - No active profile set, falling back to default profiles: default
2026-03-29 11:49:21.900 [restartedMain] INFO  o.s.b.d.env.DevToolsPropertyDefaultsPostProcessor - Devtools property defaults active! Set 'spring.devtools.add-properties' to 'false' to disable
2026-03-29 11:49:21.900 [restartedMain] INFO  o.s.b.d.env.DevToolsPropertyDefaultsPostProcessor - For additional web related logging consider setting the 'logging.level.web' property to 'DEBUG'
2026-03-29 11:49:22.334 [restartedMain] INFO  c.u.j.c.EnableEncryptablePropertiesBeanFactoryPostProcessor - Post-processing PropertySource instances
2026-03-29 11:49:22.334 [restartedMain] INFO  c.u.j.EncryptablePropertySourceConverter - Skipping PropertySource configurationProperties [class org.springframework.boot.context.properties.source.ConfigurationPropertySourcesPropertySource
2026-03-29 11:49:22.334 [restartedMain] INFO  c.u.j.EncryptablePropertySourceConverter - Skipping PropertySource servletConfigInitParams [class org.springframework.core.env.PropertySource$StubPropertySource
2026-03-29 11:49:22.334 [restartedMain] INFO  c.u.j.EncryptablePropertySourceConverter - Skipping PropertySource servletContextInitParams [class org.springframework.core.env.PropertySource$StubPropertySource
2026-03-29 11:49:22.334 [restartedMain] INFO  c.u.j.EncryptablePropertySourceConverter - Converting PropertySource systemProperties [org.springframework.core.env.MapPropertySource] to EncryptableMapPropertySourceWrapper
2026-03-29 11:49:22.335 [restartedMain] INFO  c.u.j.EncryptablePropertySourceConverter - Converting PropertySource systemEnvironment [org.springframework.boot.env.SystemEnvironmentPropertySourceEnvironmentPostProcessor$OriginAwareSystemEnvironmentPropertySource] to EncryptableSystemEnvironmentPropertySourceWrapper
2026-03-29 11:49:22.335 [restartedMain] INFO  c.u.j.EncryptablePropertySourceConverter - Converting PropertySource random [org.springframework.boot.env.RandomValuePropertySource] to EncryptablePropertySourceWrapper
2026-03-29 11:49:22.335 [restartedMain] INFO  c.u.j.EncryptablePropertySourceConverter - Converting PropertySource applicationConfig: [classpath:/application.properties] [org.springframework.boot.env.OriginTrackedMapPropertySource] to EncryptableMapPropertySourceWrapper
2026-03-29 11:49:22.335 [restartedMain] INFO  c.u.j.EncryptablePropertySourceConverter - Converting PropertySource devtools [org.springframework.core.env.MapPropertySource] to EncryptableMapPropertySourceWrapper
2026-03-29 11:49:22.386 [restartedMain] INFO  c.u.j.filter.DefaultLazyPropertyFilter - Property Filter custom Bean not found with name 'encryptablePropertyFilter'. Initializing Default Property Filter
2026-03-29 11:49:22.388 [restartedMain] INFO  c.u.j.resolver.DefaultLazyPropertyResolver - Property Resolver custom Bean not found with name 'encryptablePropertyResolver'. Initializing Default Property Resolver
2026-03-29 11:49:22.388 [restartedMain] INFO  c.u.j.detector.DefaultLazyPropertyDetector - Property Detector custom Bean not found with name 'encryptablePropertyDetector'. Initializing Default Property Detector
2026-03-29 11:49:22.774 [restartedMain] INFO  o.s.boot.web.embedded.tomcat.TomcatWebServer - Tomcat initialized with port(s): 9201 (http)
2026-03-29 11:49:22.780 [restartedMain] INFO  org.apache.coyote.http11.Http11NioProtocol - Initializing ProtocolHandler ["http-nio-9201"]
2026-03-29 11:49:22.783 [restartedMain] INFO  org.apache.catalina.core.StandardService - Starting service [Tomcat]
2026-03-29 11:49:22.783 [restartedMain] INFO  org.apache.catalina.core.StandardEngine - Starting Servlet engine: [Apache Tomcat/9.0.14]
2026-03-29 11:49:22.788 [restartedMain] INFO  org.apache.catalina.core.AprLifecycleListener - The APR based Apache Tomcat Native library which allows optimal performance in production environments was not found on the java.library.path: [C:\Users\csj00\.jdks\corretto-1.8.0_412\bin;C:\WINDOWS\Sun\Java\bin;C:\WINDOWS\system32;C:\WINDOWS;F:\vaware\bin\;C:\enviroment\java\bin;C:\Program Files\Common Files\Oracle\Java\javapath;C:\Windows\system32;C:\Windows;C:\Windows\System32\Wbem;C:\Windows\System32\WindowsPowerShell\v1.0\;C:\Windows\System32\OpenSSH\;C:\Program Files (x86)\NVIDIA Corporation\PhysX\Common;C:\WINDOWS\system32;C:\WINDOWS;C:\WINDOWS\System32\Wbem;C:\WINDOWS\System32\WindowsPowerShell\v1.0\;C:\WINDOWS\System32\OpenSSH\;E:\matlab\runtime\win64;E:\matlab\bin;C:\Program Files\dotnet\;E:\MinGW\MinGW\MinGW\bin;E:\SQL\160\Tools\Binn\;C:\Program Files\Microsoft SQL Server\160\Tools\Binn\;C:\Program Files\Microsoft SQL Server\Client SDK\ODBC\170\Tools\Binn\;C:\Program Files\Microsoft SQL Server\160\DTS\Binn\;E:\SQL\160\DTS\Binn\;C:\enviroment\apache-maven-3.9.8\bin;C:\Program Files\MySQL\MySQL Server 8.0\bin;F:\Windows Kits\10\Windows Performance Toolkit\;F:\envirmont\opencv\build\x64\vc16\bin;F:\vivo\pcsuite\;F:\redis\;C:\Program Files\Git\cmd;C:\Program Files\Bandizip\;C:\Program Files\NVIDIA Corporation\NVIDIA App\NvDLISR;F:\cursor\resources\app\bin;C:\Program Files\Docker\Docker\resources\bin;C:\Users\csj00\AppData\Local\nvm;C:\nvm4w\nodejs;D:\nodejs\;C:\Users\csj00\.local\bin;C:\Users\csj00\AppData\Local\Programs\Python\Python313\Scripts\;C:\Users\csj00\AppData\Local\Programs\Python\Python313\;C:\Program Files\MySQL\MySQL Shell 8.0\bin\;C:\Users\csj00\AppData\Local\Microsoft\WindowsApps;E:\vscode\Microsoft VS Code\bin;E:\IntelliJ IDEA 2025.3.2\bin;D:\PyCharm 2025.3.2.1\bin;F:\新建文件夹 (3)\CLion 2024.3.2\bin;;C:\Users\csj00\AppData\Local\Pandoc\;F:\Qoder\bin;F:\Antigravity\bin;C:\Users\csj00\AppData\Local\nvm;C:\nvm4w\nodejs;C:\Users\csj00\AppData\Roaming\npm;.]
2026-03-29 11:49:22.827 [restartedMain] INFO  o.a.c.core.ContainerBase.[Tomcat].[localhost].[/] - Initializing Spring embedded WebApplicationContext
2026-03-29 11:49:22.827 [restartedMain] INFO  org.springframework.web.context.ContextLoader - Root WebApplicationContext: initialization completed in 926 ms
2026-03-29 11:49:23.694 [restartedMain] INFO  o.s.scheduling.concurrent.ThreadPoolTaskExecutor - Initializing ExecutorService 'applicationTaskExecutor'
2026-03-29 11:49:23.794 [restartedMain] INFO  o.s.b.d.autoconfigure.OptionalLiveReloadServer - LiveReload server is running on port 35729
2026-03-29 11:49:23.808 [restartedMain] INFO  org.apache.coyote.http11.Http11NioProtocol - Starting ProtocolHandler ["http-nio-9201"]
2026-03-29 11:49:23.822 [restartedMain] INFO  o.s.boot.web.embedded.tomcat.TomcatWebServer - Tomcat started on port(s): 9201 (http) with context path ''
2026-03-29 11:49:23.822 [restartedMain] INFO  c.u.j.caching.RefreshScopeRefreshedEventListener - Refreshing cached encryptable property sources on ServletWebServerInitializedEvent
2026-03-29 11:49:23.824 [restartedMain] INFO  c.u.j.c.CachingDelegateEncryptablePropertySource - Property Source systemProperties refreshed
2026-03-29 11:49:23.824 [restartedMain] INFO  c.u.j.c.CachingDelegateEncryptablePropertySource - Property Source systemEnvironment refreshed
2026-03-29 11:49:23.824 [restartedMain] INFO  c.u.j.c.CachingDelegateEncryptablePropertySource - Property Source random refreshed
2026-03-29 11:49:23.824 [restartedMain] INFO  c.u.j.c.CachingDelegateEncryptablePropertySource - Property Source applicationConfig: [classpath:/application.properties] refreshed
2026-03-29 11:49:23.824 [restartedMain] INFO  c.u.j.c.CachingDelegateEncryptablePropertySource - Property Source devtools refreshed
2026-03-29 11:49:23.824 [restartedMain] INFO  c.u.j.EncryptablePropertySourceConverter - Skipping PropertySource configurationProperties [class org.springframework.boot.context.properties.source.ConfigurationPropertySourcesPropertySource
2026-03-29 11:49:23.824 [restartedMain] INFO  c.u.j.EncryptablePropertySourceConverter - Skipping PropertySource servletConfigInitParams [class org.springframework.core.env.PropertySource$StubPropertySource
2026-03-29 11:49:23.824 [restartedMain] INFO  c.u.j.EncryptablePropertySourceConverter - Converting PropertySource servletContextInitParams [org.springframework.web.context.support.ServletContextPropertySource] to EncryptableEnumerablePropertySourceWrapper
2026-03-29 11:49:23.824 [restartedMain] INFO  com.rabbiter.oes.OnlineExamSystemApplication - Started OnlineExamSystemApplication in 2.152 seconds (JVM running for 2.421)
2026-03-29 11:49:23.844 [restartedMain] INFO  com.alibaba.druid.pool.DruidDataSource - {dataSource-1} inited
2026-03-29 11:49:38.608 [http-nio-9201-exec-1] INFO  o.a.c.core.ContainerBase.[Tomcat].[localhost].[/] - Initializing Spring DispatcherServlet 'dispatcherServlet'
2026-03-29 11:49:38.608 [http-nio-9201-exec-1] INFO  org.springframework.web.servlet.DispatcherServlet - Initializing Servlet 'dispatcherServlet'
2026-03-29 11:49:38.612 [http-nio-9201-exec-1] INFO  org.springframework.web.servlet.DispatcherServlet - Completed initialization in 4 ms
2026-03-29 14:12:24.098 [Thread-11] INFO  o.s.scheduling.concurrent.ThreadPoolTaskExecutor - Shutting down ExecutorService 'applicationTaskExecutor'
2026-03-29 14:12:24.102 [Thread-11] INFO  com.alibaba.druid.pool.DruidDataSource - {dataSource-1} closed
2026-03-29 18:07:57.721 [restartedMain] INFO  com.rabbiter.oes.OnlineExamSystemApplication - Starting OnlineExamSystemApplication on csazh with PID 62524 (F:\OnlineExamSystemApi\target\classes started by csj00 in F:\OnlineExamSystemApi)
2026-03-29 18:07:57.722 [restartedMain] INFO  com.rabbiter.oes.OnlineExamSystemApplication - No active profile set, falling back to default profiles: default
2026-03-29 18:07:57.750 [restartedMain] INFO  o.s.b.d.env.DevToolsPropertyDefaultsPostProcessor - Devtools property defaults active! Set 'spring.devtools.add-properties' to 'false' to disable
2026-03-29 18:07:57.750 [restartedMain] INFO  o.s.b.d.env.DevToolsPropertyDefaultsPostProcessor - For additional web related logging consider setting the 'logging.level.web' property to 'DEBUG'
2026-03-29 18:07:58.370 [restartedMain] INFO  c.u.j.c.EnableEncryptablePropertiesBeanFactoryPostProcessor - Post-processing PropertySource instances
2026-03-29 18:07:58.371 [restartedMain] INFO  c.u.j.EncryptablePropertySourceConverter - Skipping PropertySource configurationProperties [class org.springframework.boot.context.properties.source.ConfigurationPropertySourcesPropertySource
2026-03-29 18:07:58.371 [restartedMain] INFO  c.u.j.EncryptablePropertySourceConverter - Skipping PropertySource servletConfigInitParams [class org.springframework.core.env.PropertySource$StubPropertySource
2026-03-29 18:07:58.371 [restartedMain] INFO  c.u.j.EncryptablePropertySourceConverter - Skipping PropertySource servletContextInitParams [class org.springframework.core.env.PropertySource$StubPropertySource
2026-03-29 18:07:58.372 [restartedMain] INFO  c.u.j.EncryptablePropertySourceConverter - Converting PropertySource systemProperties [org.springframework.core.env.MapPropertySource] to EncryptableMapPropertySourceWrapper
2026-03-29 18:07:58.372 [restartedMain] INFO  c.u.j.EncryptablePropertySourceConverter - Converting PropertySource systemEnvironment [org.springframework.boot.env.SystemEnvironmentPropertySourceEnvironmentPostProcessor$OriginAwareSystemEnvironmentPropertySource] to EncryptableSystemEnvironmentPropertySourceWrapper
2026-03-29 18:07:58.372 [restartedMain] INFO  c.u.j.EncryptablePropertySourceConverter - Converting PropertySource random [org.springframework.boot.env.RandomValuePropertySource] to EncryptablePropertySourceWrapper
2026-03-29 18:07:58.372 [restartedMain] INFO  c.u.j.EncryptablePropertySourceConverter - Converting PropertySource applicationConfig: [classpath:/application.properties] [org.springframework.boot.env.OriginTrackedMapPropertySource] to EncryptableMapPropertySourceWrapper
2026-03-29 18:07:58.372 [restartedMain] INFO  c.u.j.EncryptablePropertySourceConverter - Converting PropertySource devtools [org.springframework.core.env.MapPropertySource] to EncryptableMapPropertySourceWrapper
2026-03-29 18:07:58.435 [restartedMain] INFO  c.u.j.filter.DefaultLazyPropertyFilter - Property Filter custom Bean not found with name 'encryptablePropertyFilter'. Initializing Default Property Filter
2026-03-29 18:07:58.438 [restartedMain] INFO  c.u.j.resolver.DefaultLazyPropertyResolver - Property Resolver custom Bean not found with name 'encryptablePropertyResolver'. Initializing Default Property Resolver
2026-03-29 18:07:58.438 [restartedMain] INFO  c.u.j.detector.DefaultLazyPropertyDetector - Property Detector custom Bean not found with name 'encryptablePropertyDetector'. Initializing Default Property Detector
2026-03-29 18:07:58.892 [restartedMain] INFO  o.s.boot.web.embedded.tomcat.TomcatWebServer - Tomcat initialized with port(s): 9201 (http)
2026-03-29 18:07:58.901 [restartedMain] INFO  org.apache.coyote.http11.Http11NioProtocol - Initializing ProtocolHandler ["http-nio-9201"]
2026-03-29 18:07:58.906 [restartedMain] INFO  org.apache.catalina.core.StandardService - Starting service [Tomcat]
2026-03-29 18:07:58.906 [restartedMain] INFO  org.apache.catalina.core.StandardEngine - Starting Servlet engine: [Apache Tomcat/9.0.14]
2026-03-29 18:07:58.910 [restartedMain] INFO  org.apache.catalina.core.AprLifecycleListener - The APR based Apache Tomcat Native library which allows optimal performance in production environments was not found on the java.library.path: [C:\Users\csj00\.jdks\corretto-1.8.0_412\bin;C:\WINDOWS\Sun\Java\bin;C:\WINDOWS\system32;C:\WINDOWS;F:\vaware\bin\;C:\enviroment\java\bin;C:\Program Files\Common Files\Oracle\Java\javapath;C:\Windows\system32;C:\Windows;C:\Windows\System32\Wbem;C:\Windows\System32\WindowsPowerShell\v1.0\;C:\Windows\System32\OpenSSH\;C:\Program Files (x86)\NVIDIA Corporation\PhysX\Common;C:\WINDOWS\system32;C:\WINDOWS;C:\WINDOWS\System32\Wbem;C:\WINDOWS\System32\WindowsPowerShell\v1.0\;C:\WINDOWS\System32\OpenSSH\;E:\matlab\runtime\win64;E:\matlab\bin;C:\Program Files\dotnet\;E:\MinGW\MinGW\MinGW\bin;E:\SQL\160\Tools\Binn\;C:\Program Files\Microsoft SQL Server\160\Tools\Binn\;C:\Program Files\Microsoft SQL Server\Client SDK\ODBC\170\Tools\Binn\;C:\Program Files\Microsoft SQL Server\160\DTS\Binn\;E:\SQL\160\DTS\Binn\;C:\enviroment\apache-maven-3.9.8\bin;C:\Program Files\MySQL\MySQL Server 8.0\bin;F:\Windows Kits\10\Windows Performance Toolkit\;F:\envirmont\opencv\build\x64\vc16\bin;F:\vivo\pcsuite\;F:\redis\;C:\Program Files\Git\cmd;C:\Program Files\Bandizip\;C:\Program Files\NVIDIA Corporation\NVIDIA App\NvDLISR;F:\cursor\resources\app\bin;C:\Program Files\Docker\Docker\resources\bin;C:\Users\csj00\AppData\Local\nvm;C:\nvm4w\nodejs;D:\nodejs\;C:\Users\csj00\.local\bin;C:\Users\csj00\AppData\Local\Programs\Python\Python313\Scripts\;C:\Users\csj00\AppData\Local\Programs\Python\Python313\;C:\Program Files\MySQL\MySQL Shell 8.0\bin\;C:\Users\csj00\AppData\Local\Microsoft\WindowsApps;E:\vscode\Microsoft VS Code\bin;E:\IntelliJ IDEA 2025.3.2\bin;D:\PyCharm 2025.3.2.1\bin;F:\新建文件夹 (3)\CLion 2024.3.2\bin;;C:\Users\csj00\AppData\Local\Pandoc\;F:\Qoder\bin;F:\Antigravity\bin;C:\Users\csj00\AppData\Local\nvm;C:\nvm4w\nodejs;C:\Users\csj00\AppData\Roaming\npm;.]
2026-03-29 18:07:58.962 [restartedMain] INFO  o.a.c.core.ContainerBase.[Tomcat].[localhost].[/] - Initializing Spring embedded WebApplicationContext
2026-03-29 18:07:58.962 [restartedMain] INFO  org.springframework.web.context.ContextLoader - Root WebApplicationContext: initialization completed in 1212 ms
2026-03-29 18:07:59.892 [restartedMain] INFO  o.s.scheduling.concurrent.ThreadPoolTaskExecutor - Initializing ExecutorService 'applicationTaskExecutor'
2026-03-29 18:07:59.999 [restartedMain] INFO  o.s.b.d.autoconfigure.OptionalLiveReloadServer - LiveReload server is running on port 35729
2026-03-29 18:08:00.015 [restartedMain] INFO  org.apache.coyote.http11.Http11NioProtocol - Starting ProtocolHandler ["http-nio-9201"]
2026-03-29 18:08:00.029 [restartedMain] INFO  o.s.boot.web.embedded.tomcat.TomcatWebServer - Tomcat started on port(s): 9201 (http) with context path ''
2026-03-29 18:08:00.029 [restartedMain] INFO  c.u.j.caching.RefreshScopeRefreshedEventListener - Refreshing cached encryptable property sources on ServletWebServerInitializedEvent
2026-03-29 18:08:00.030 [restartedMain] INFO  c.u.j.c.CachingDelegateEncryptablePropertySource - Property Source systemProperties refreshed
2026-03-29 18:08:00.030 [restartedMain] INFO  c.u.j.c.CachingDelegateEncryptablePropertySource - Property Source systemEnvironment refreshed
2026-03-29 18:08:00.030 [restartedMain] INFO  c.u.j.c.CachingDelegateEncryptablePropertySource - Property Source random refreshed
2026-03-29 18:08:00.030 [restartedMain] INFO  c.u.j.c.CachingDelegateEncryptablePropertySource - Property Source applicationConfig: [classpath:/application.properties] refreshed
2026-03-29 18:08:00.030 [restartedMain] INFO  c.u.j.c.CachingDelegateEncryptablePropertySource - Property Source devtools refreshed
2026-03-29 18:08:00.030 [restartedMain] INFO  c.u.j.EncryptablePropertySourceConverter - Skipping PropertySource configurationProperties [class org.springframework.boot.context.properties.source.ConfigurationPropertySourcesPropertySource
2026-03-29 18:08:00.030 [restartedMain] INFO  c.u.j.EncryptablePropertySourceConverter - Skipping PropertySource servletConfigInitParams [class org.springframework.core.env.PropertySource$StubPropertySource
2026-03-29 18:08:00.030 [restartedMain] INFO  c.u.j.EncryptablePropertySourceConverter - Converting PropertySource servletContextInitParams [org.springframework.web.context.support.ServletContextPropertySource] to EncryptableEnumerablePropertySourceWrapper
2026-03-29 18:08:00.031 [restartedMain] INFO  com.rabbiter.oes.OnlineExamSystemApplication - Started OnlineExamSystemApplication in 2.557 seconds (JVM running for 2.863)
2026-03-29 18:08:00.062 [restartedMain] INFO  com.alibaba.druid.pool.DruidDataSource - {dataSource-1} inited
2026-03-29 18:08:22.081 [http-nio-9201-exec-1] INFO  o.a.c.core.ContainerBase.[Tomcat].[localhost].[/] - Initializing Spring DispatcherServlet 'dispatcherServlet'
2026-03-29 18:08:22.081 [http-nio-9201-exec-1] INFO  org.springframework.web.servlet.DispatcherServlet - Initializing Servlet 'dispatcherServlet'
2026-03-29 18:08:22.089 [http-nio-9201-exec-1] INFO  org.springframework.web.servlet.DispatcherServlet - Completed initialization in 8 ms
2026-03-29 18:35:08.165 [Thread-11] INFO  o.s.scheduling.concurrent.ThreadPoolTaskExecutor - Shutting down ExecutorService 'applicationTaskExecutor'
2026-03-29 18:35:08.168 [Thread-11] INFO  com.alibaba.druid.pool.DruidDataSource - {dataSource-1} closed
2026-03-29 18:40:28.480 [restartedMain] INFO  com.rabbiter.oes.OnlineExamSystemApplication - Starting OnlineExamSystemApplication on csazh with PID 62480 (F:\OnlineExamSystemApi\target\classes started by csj00 in F:\OnlineExamSystemApi)
2026-03-29 18:40:28.481 [restartedMain] INFO  com.rabbiter.oes.OnlineExamSystemApplication - No active profile set, falling back to default profiles: default
2026-03-29 18:40:28.517 [restartedMain] INFO  o.s.b.d.env.DevToolsPropertyDefaultsPostProcessor - Devtools property defaults active! Set 'spring.devtools.add-properties' to 'false' to disable
2026-03-29 18:40:28.517 [restartedMain] INFO  o.s.b.d.env.DevToolsPropertyDefaultsPostProcessor - For additional web related logging consider setting the 'logging.level.web' property to 'DEBUG'
2026-03-29 18:40:29.035 [restartedMain] INFO  c.u.j.c.EnableEncryptablePropertiesBeanFactoryPostProcessor - Post-processing PropertySource instances
2026-03-29 18:40:29.035 [restartedMain] INFO  c.u.j.EncryptablePropertySourceConverter - Skipping PropertySource configurationProperties [class org.springframework.boot.context.properties.source.ConfigurationPropertySourcesPropertySource
2026-03-29 18:40:29.035 [restartedMain] INFO  c.u.j.EncryptablePropertySourceConverter - Skipping PropertySource servletConfigInitParams [class org.springframework.core.env.PropertySource$StubPropertySource
2026-03-29 18:40:29.035 [restartedMain] INFO  c.u.j.EncryptablePropertySourceConverter - Skipping PropertySource servletContextInitParams [class org.springframework.core.env.PropertySource$StubPropertySource
2026-03-29 18:40:29.035 [restartedMain] INFO  c.u.j.EncryptablePropertySourceConverter - Converting PropertySource systemProperties [org.springframework.core.env.MapPropertySource] to EncryptableMapPropertySourceWrapper
2026-03-29 18:40:29.037 [restartedMain] INFO  c.u.j.EncryptablePropertySourceConverter - Converting PropertySource systemEnvironment [org.springframework.boot.env.SystemEnvironmentPropertySourceEnvironmentPostProcessor$OriginAwareSystemEnvironmentPropertySource] to EncryptableSystemEnvironmentPropertySourceWrapper
2026-03-29 18:40:29.037 [restartedMain] INFO  c.u.j.EncryptablePropertySourceConverter - Converting PropertySource random [org.springframework.boot.env.RandomValuePropertySource] to EncryptablePropertySourceWrapper
2026-03-29 18:40:29.037 [restartedMain] INFO  c.u.j.EncryptablePropertySourceConverter - Converting PropertySource applicationConfig: [classpath:/application.properties] [org.springframework.boot.env.OriginTrackedMapPropertySource] to EncryptableMapPropertySourceWrapper
2026-03-29 18:40:29.037 [restartedMain] INFO  c.u.j.EncryptablePropertySourceConverter - Converting PropertySource devtools [org.springframework.core.env.MapPropertySource] to EncryptableMapPropertySourceWrapper
2026-03-29 18:40:29.096 [restartedMain] INFO  c.u.j.filter.DefaultLazyPropertyFilter - Property Filter custom Bean not found with name 'encryptablePropertyFilter'. Initializing Default Property Filter
2026-03-29 18:40:29.099 [restartedMain] INFO  c.u.j.resolver.DefaultLazyPropertyResolver - Property Resolver custom Bean not found with name 'encryptablePropertyResolver'. Initializing Default Property Resolver
2026-03-29 18:40:29.099 [restartedMain] INFO  c.u.j.detector.DefaultLazyPropertyDetector - Property Detector custom Bean not found with name 'encryptablePropertyDetector'. Initializing Default Property Detector
2026-03-29 18:40:29.564 [restartedMain] INFO  o.s.boot.web.embedded.tomcat.TomcatWebServer - Tomcat initialized with port(s): 9201 (http)
2026-03-29 18:40:29.573 [restartedMain] INFO  org.apache.coyote.http11.Http11NioProtocol - Initializing ProtocolHandler ["http-nio-9201"]
2026-03-29 18:40:29.579 [restartedMain] INFO  org.apache.catalina.core.StandardService - Starting service [Tomcat]
2026-03-29 18:40:29.579 [restartedMain] INFO  org.apache.catalina.core.StandardEngine - Starting Servlet engine: [Apache Tomcat/9.0.14]
2026-03-29 18:40:29.584 [restartedMain] INFO  org.apache.catalina.core.AprLifecycleListener - The APR based Apache Tomcat Native library which allows optimal performance in production environments was not found on the java.library.path: [C:\Users\csj00\.jdks\corretto-1.8.0_412\bin;C:\WINDOWS\Sun\Java\bin;C:\WINDOWS\system32;C:\WINDOWS;F:\vaware\bin\;C:\enviroment\java\bin;C:\Program Files\Common Files\Oracle\Java\javapath;C:\Windows\system32;C:\Windows;C:\Windows\System32\Wbem;C:\Windows\System32\WindowsPowerShell\v1.0\;C:\Windows\System32\OpenSSH\;C:\Program Files (x86)\NVIDIA Corporation\PhysX\Common;C:\WINDOWS\system32;C:\WINDOWS;C:\WINDOWS\System32\Wbem;C:\WINDOWS\System32\WindowsPowerShell\v1.0\;C:\WINDOWS\System32\OpenSSH\;E:\matlab\runtime\win64;E:\matlab\bin;C:\Program Files\dotnet\;E:\MinGW\MinGW\MinGW\bin;E:\SQL\160\Tools\Binn\;C:\Program Files\Microsoft SQL Server\160\Tools\Binn\;C:\Program Files\Microsoft SQL Server\Client SDK\ODBC\170\Tools\Binn\;C:\Program Files\Microsoft SQL Server\160\DTS\Binn\;E:\SQL\160\DTS\Binn\;C:\enviroment\apache-maven-3.9.8\bin;C:\Program Files\MySQL\MySQL Server 8.0\bin;F:\Windows Kits\10\Windows Performance Toolkit\;F:\envirmont\opencv\build\x64\vc16\bin;F:\vivo\pcsuite\;F:\redis\;C:\Program Files\Git\cmd;C:\Program Files\Bandizip\;C:\Program Files\NVIDIA Corporation\NVIDIA App\NvDLISR;F:\cursor\resources\app\bin;C:\Program Files\Docker\Docker\resources\bin;C:\Users\csj00\AppData\Local\nvm;C:\nvm4w\nodejs;D:\nodejs\;C:\Users\csj00\.local\bin;C:\Users\csj00\AppData\Local\Programs\Python\Python313\Scripts\;C:\Users\csj00\AppData\Local\Programs\Python\Python313\;C:\Program Files\MySQL\MySQL Shell 8.0\bin\;C:\Users\csj00\AppData\Local\Microsoft\WindowsApps;E:\vscode\Microsoft VS Code\bin;E:\IntelliJ IDEA 2025.3.2\bin;D:\PyCharm 2025.3.2.1\bin;F:\新建文件夹 (3)\CLion 2024.3.2\bin;;C:\Users\csj00\AppData\Local\Pandoc\;F:\Qoder\bin;F:\Antigravity\bin;C:\Users\csj00\AppData\Local\nvm;C:\nvm4w\nodejs;C:\Users\csj00\AppData\Roaming\npm;.]
2026-03-29 18:40:29.641 [restartedMain] INFO  o.a.c.core.ContainerBase.[Tomcat].[localhost].[/] - Initializing Spring embedded WebApplicationContext
2026-03-29 18:40:29.641 [restartedMain] INFO  org.springframework.web.context.ContextLoader - Root WebApplicationContext: initialization completed in 1124 ms
2026-03-29 18:40:30.613 [restartedMain] INFO  o.s.scheduling.concurrent.ThreadPoolTaskExecutor - Initializing ExecutorService 'applicationTaskExecutor'
2026-03-29 18:40:30.724 [restartedMain] INFO  o.s.b.d.autoconfigure.OptionalLiveReloadServer - LiveReload server is running on port 35729
2026-03-29 18:40:30.741 [restartedMain] INFO  org.apache.coyote.http11.Http11NioProtocol - Starting ProtocolHandler ["http-nio-9201"]
2026-03-29 18:40:30.761 [restartedMain] INFO  o.s.boot.web.embedded.tomcat.TomcatWebServer - Tomcat started on port(s): 9201 (http) with context path ''
2026-03-29 18:40:30.761 [restartedMain] INFO  c.u.j.caching.RefreshScopeRefreshedEventListener - Refreshing cached encryptable property sources on ServletWebServerInitializedEvent
2026-03-29 18:40:30.761 [restartedMain] INFO  c.u.j.c.CachingDelegateEncryptablePropertySource - Property Source systemProperties refreshed
2026-03-29 18:40:30.761 [restartedMain] INFO  c.u.j.c.CachingDelegateEncryptablePropertySource - Property Source systemEnvironment refreshed
2026-03-29 18:40:30.763 [restartedMain] INFO  c.u.j.c.CachingDelegateEncryptablePropertySource - Property Source random refreshed
2026-03-29 18:40:30.763 [restartedMain] INFO  c.u.j.c.CachingDelegateEncryptablePropertySource - Property Source applicationConfig: [classpath:/application.properties] refreshed
2026-03-29 18:40:30.763 [restartedMain] INFO  c.u.j.c.CachingDelegateEncryptablePropertySource - Property Source devtools refreshed
2026-03-29 18:40:30.763 [restartedMain] INFO  c.u.j.EncryptablePropertySourceConverter - Skipping PropertySource configurationProperties [class org.springframework.boot.context.properties.source.ConfigurationPropertySourcesPropertySource
2026-03-29 18:40:30.763 [restartedMain] INFO  c.u.j.EncryptablePropertySourceConverter - Skipping PropertySource servletConfigInitParams [class org.springframework.core.env.PropertySource$StubPropertySource
2026-03-29 18:40:30.763 [restartedMain] INFO  c.u.j.EncryptablePropertySourceConverter - Converting PropertySource servletContextInitParams [org.springframework.web.context.support.ServletContextPropertySource] to EncryptableEnumerablePropertySourceWrapper
2026-03-29 18:40:30.764 [restartedMain] INFO  com.rabbiter.oes.OnlineExamSystemApplication - Started OnlineExamSystemApplication in 2.546 seconds (JVM running for 2.908)
2026-03-29 18:40:30.791 [restartedMain] INFO  com.alibaba.druid.pool.DruidDataSource - {dataSource-1} inited
2026-03-29 18:40:48.643 [http-nio-9201-exec-1] INFO  o.a.c.core.ContainerBase.[Tomcat].[localhost].[/] - Initializing Spring DispatcherServlet 'dispatcherServlet'
2026-03-29 18:40:48.643 [http-nio-9201-exec-1] INFO  org.springframework.web.servlet.DispatcherServlet - Initializing Servlet 'dispatcherServlet'
2026-03-29 18:40:48.651 [http-nio-9201-exec-1] INFO  org.springframework.web.servlet.DispatcherServlet - Completed initialization in 8 ms
2026-03-29 18:42:24.565 [Thread-11] INFO  o.s.scheduling.concurrent.ThreadPoolTaskExecutor - Shutting down ExecutorService 'applicationTaskExecutor'
2026-03-29 18:42:24.567 [Thread-11] INFO  com.alibaba.druid.pool.DruidDataSource - {dataSource-1} closed
2026-03-29 18:51:58.535 [restartedMain] INFO  com.rabbiter.oes.OnlineExamSystemApplication - Starting OnlineExamSystemApplication on csazh with PID 52664 (F:\OnlineExamSystemApi\target\classes started by csj00 in F:\OnlineExamSystemApi)
2026-03-29 18:51:58.537 [restartedMain] INFO  com.rabbiter.oes.OnlineExamSystemApplication - No active profile set, falling back to default profiles: default
2026-03-29 18:51:58.563 [restartedMain] INFO  o.s.b.d.env.DevToolsPropertyDefaultsPostProcessor - Devtools property defaults active! Set 'spring.devtools.add-properties' to 'false' to disable
2026-03-29 18:51:58.563 [restartedMain] INFO  o.s.b.d.env.DevToolsPropertyDefaultsPostProcessor - For additional web related logging consider setting the 'logging.level.web' property to 'DEBUG'
2026-03-29 18:51:59.034 [restartedMain] INFO  c.u.j.c.EnableEncryptablePropertiesBeanFactoryPostProcessor - Post-processing PropertySource instances
2026-03-29 18:51:59.034 [restartedMain] INFO  c.u.j.EncryptablePropertySourceConverter - Skipping PropertySource configurationProperties [class org.springframework.boot.context.properties.source.ConfigurationPropertySourcesPropertySource
2026-03-29 18:51:59.034 [restartedMain] INFO  c.u.j.EncryptablePropertySourceConverter - Skipping PropertySource servletConfigInitParams [class org.springframework.core.env.PropertySource$StubPropertySource
2026-03-29 18:51:59.034 [restartedMain] INFO  c.u.j.EncryptablePropertySourceConverter - Skipping PropertySource servletContextInitParams [class org.springframework.core.env.PropertySource$StubPropertySource
2026-03-29 18:51:59.034 [restartedMain] INFO  c.u.j.EncryptablePropertySourceConverter - Converting PropertySource systemProperties [org.springframework.core.env.MapPropertySource] to EncryptableMapPropertySourceWrapper
2026-03-29 18:51:59.035 [restartedMain] INFO  c.u.j.EncryptablePropertySourceConverter - Converting PropertySource systemEnvironment [org.springframework.boot.env.SystemEnvironmentPropertySourceEnvironmentPostProcessor$OriginAwareSystemEnvironmentPropertySource] to EncryptableSystemEnvironmentPropertySourceWrapper
2026-03-29 18:51:59.035 [restartedMain] INFO  c.u.j.EncryptablePropertySourceConverter - Converting PropertySource random [org.springframework.boot.env.RandomValuePropertySource] to EncryptablePropertySourceWrapper
2026-03-29 18:51:59.035 [restartedMain] INFO  c.u.j.EncryptablePropertySourceConverter - Converting PropertySource applicationConfig: [classpath:/application.properties] [org.springframework.boot.env.OriginTrackedMapPropertySource] to EncryptableMapPropertySourceWrapper
2026-03-29 18:51:59.035 [restartedMain] INFO  c.u.j.EncryptablePropertySourceConverter - Converting PropertySource devtools [org.springframework.core.env.MapPropertySource] to EncryptableMapPropertySourceWrapper
2026-03-29 18:51:59.092 [restartedMain] INFO  c.u.j.filter.DefaultLazyPropertyFilter - Property Filter custom Bean not found with name 'encryptablePropertyFilter'. Initializing Default Property Filter
2026-03-29 18:51:59.094 [restartedMain] INFO  c.u.j.resolver.DefaultLazyPropertyResolver - Property Resolver custom Bean not found with name 'encryptablePropertyResolver'. Initializing Default Property Resolver
2026-03-29 18:51:59.095 [restartedMain] INFO  c.u.j.detector.DefaultLazyPropertyDetector - Property Detector custom Bean not found with name 'encryptablePropertyDetector'. Initializing Default Property Detector
2026-03-29 18:51:59.537 [restartedMain] INFO  o.s.boot.web.embedded.tomcat.TomcatWebServer - Tomcat initialized with port(s): 9201 (http)
2026-03-29 18:51:59.545 [restartedMain] INFO  org.apache.coyote.http11.Http11NioProtocol - Initializing ProtocolHandler ["http-nio-9201"]
2026-03-29 18:51:59.551 [restartedMain] INFO  org.apache.catalina.core.StandardService - Starting service [Tomcat]
2026-03-29 18:51:59.551 [restartedMain] INFO  org.apache.catalina.core.StandardEngine - Starting Servlet engine: [Apache Tomcat/9.0.14]
2026-03-29 18:51:59.555 [restartedMain] INFO  org.apache.catalina.core.AprLifecycleListener - The APR based Apache Tomcat Native library which allows optimal performance in production environments was not found on the java.library.path: [C:\Users\csj00\.jdks\corretto-1.8.0_412\bin;C:\WINDOWS\Sun\Java\bin;C:\WINDOWS\system32;C:\WINDOWS;F:\vaware\bin\;C:\enviroment\java\bin;C:\Program Files\Common Files\Oracle\Java\javapath;C:\Windows\system32;C:\Windows;C:\Windows\System32\Wbem;C:\Windows\System32\WindowsPowerShell\v1.0\;C:\Windows\System32\OpenSSH\;C:\Program Files (x86)\NVIDIA Corporation\PhysX\Common;C:\WINDOWS\system32;C:\WINDOWS;C:\WINDOWS\System32\Wbem;C:\WINDOWS\System32\WindowsPowerShell\v1.0\;C:\WINDOWS\System32\OpenSSH\;E:\matlab\runtime\win64;E:\matlab\bin;C:\Program Files\dotnet\;E:\MinGW\MinGW\MinGW\bin;E:\SQL\160\Tools\Binn\;C:\Program Files\Microsoft SQL Server\160\Tools\Binn\;C:\Program Files\Microsoft SQL Server\Client SDK\ODBC\170\Tools\Binn\;C:\Program Files\Microsoft SQL Server\160\DTS\Binn\;E:\SQL\160\DTS\Binn\;C:\enviroment\apache-maven-3.9.8\bin;C:\Program Files\MySQL\MySQL Server 8.0\bin;F:\Windows Kits\10\Windows Performance Toolkit\;F:\envirmont\opencv\build\x64\vc16\bin;F:\vivo\pcsuite\;F:\redis\;C:\Program Files\Git\cmd;C:\Program Files\Bandizip\;C:\Program Files\NVIDIA Corporation\NVIDIA App\NvDLISR;F:\cursor\resources\app\bin;C:\Program Files\Docker\Docker\resources\bin;C:\Users\csj00\AppData\Local\nvm;C:\nvm4w\nodejs;D:\nodejs\;C:\Users\csj00\.local\bin;C:\Users\csj00\AppData\Local\Programs\Python\Python313\Scripts\;C:\Users\csj00\AppData\Local\Programs\Python\Python313\;C:\Program Files\MySQL\MySQL Shell 8.0\bin\;C:\Users\csj00\AppData\Local\Microsoft\WindowsApps;E:\vscode\Microsoft VS Code\bin;E:\IntelliJ IDEA 2025.3.2\bin;D:\PyCharm 2025.3.2.1\bin;F:\新建文件夹 (3)\CLion 2024.3.2\bin;;C:\Users\csj00\AppData\Local\Pandoc\;F:\Qoder\bin;F:\Antigravity\bin;C:\Users\csj00\AppData\Local\nvm;C:\nvm4w\nodejs;C:\Users\csj00\AppData\Roaming\npm;.]
2026-03-29 18:51:59.599 [restartedMain] INFO  o.a.c.core.ContainerBase.[Tomcat].[localhost].[/] - Initializing Spring embedded WebApplicationContext
2026-03-29 18:51:59.599 [restartedMain] INFO  org.springframework.web.context.ContextLoader - Root WebApplicationContext: initialization completed in 1036 ms
2026-03-29 18:52:00.558 [restartedMain] INFO  o.s.scheduling.concurrent.ThreadPoolTaskExecutor - Initializing ExecutorService 'applicationTaskExecutor'
2026-03-29 18:52:00.663 [restartedMain] INFO  o.s.b.d.autoconfigure.OptionalLiveReloadServer - LiveReload server is running on port 35729
2026-03-29 18:52:00.678 [restartedMain] INFO  org.apache.coyote.http11.Http11NioProtocol - Starting ProtocolHandler ["http-nio-9201"]
2026-03-29 18:52:00.690 [restartedMain] INFO  o.s.boot.web.embedded.tomcat.TomcatWebServer - Tomcat started on port(s): 9201 (http) with context path ''
2026-03-29 18:52:00.690 [restartedMain] INFO  c.u.j.caching.RefreshScopeRefreshedEventListener - Refreshing cached encryptable property sources on ServletWebServerInitializedEvent
2026-03-29 18:52:00.691 [restartedMain] INFO  c.u.j.c.CachingDelegateEncryptablePropertySource - Property Source systemProperties refreshed
2026-03-29 18:52:00.691 [restartedMain] INFO  c.u.j.c.CachingDelegateEncryptablePropertySource - Property Source systemEnvironment refreshed
2026-03-29 18:52:00.691 [restartedMain] INFO  c.u.j.c.CachingDelegateEncryptablePropertySource - Property Source random refreshed
2026-03-29 18:52:00.691 [restartedMain] INFO  c.u.j.c.CachingDelegateEncryptablePropertySource - Property Source applicationConfig: [classpath:/application.properties] refreshed
2026-03-29 18:52:00.691 [restartedMain] INFO  c.u.j.c.CachingDelegateEncryptablePropertySource - Property Source devtools refreshed
2026-03-29 18:52:00.691 [restartedMain] INFO  c.u.j.EncryptablePropertySourceConverter - Skipping PropertySource configurationProperties [class org.springframework.boot.context.properties.source.ConfigurationPropertySourcesPropertySource
2026-03-29 18:52:00.691 [restartedMain] INFO  c.u.j.EncryptablePropertySourceConverter - Skipping PropertySource servletConfigInitParams [class org.springframework.core.env.PropertySource$StubPropertySource
2026-03-29 18:52:00.691 [restartedMain] INFO  c.u.j.EncryptablePropertySourceConverter - Converting PropertySource servletContextInitParams [org.springframework.web.context.support.ServletContextPropertySource] to EncryptableEnumerablePropertySourceWrapper
2026-03-29 18:52:00.692 [restartedMain] INFO  com.rabbiter.oes.OnlineExamSystemApplication - Started OnlineExamSystemApplication in 2.38 seconds (JVM running for 2.677)
2026-03-29 18:52:00.710 [restartedMain] INFO  com.alibaba.druid.pool.DruidDataSource - {dataSource-1} inited
2026-03-29 18:52:08.393 [Thread-11] INFO  o.s.scheduling.concurrent.ThreadPoolTaskExecutor - Shutting down ExecutorService 'applicationTaskExecutor'
2026-03-29 18:52:08.395 [Thread-11] INFO  com.alibaba.druid.pool.DruidDataSource - {dataSource-1} closed
