2026-04-08 23:52:55.897 [restartedMain] INFO  com.rabbiter.oes.OnlineExamSystemApplication - Starting OnlineExamSystemApplication on KI36Q with PID 51052 (F:\OnlineExamSystemApi\target\classes started by csj00 in F:\OnlineExamSystemApi)
2026-04-08 23:52:55.898 [restartedMain] INFO  com.rabbiter.oes.OnlineExamSystemApplication - No active profile set, falling back to default profiles: default
2026-04-08 23:52:55.965 [restartedMain] INFO  o.s.b.d.env.DevToolsPropertyDefaultsPostProcessor - Devtools property defaults active! Set 'spring.devtools.add-properties' to 'false' to disable
2026-04-08 23:52:55.967 [restartedMain] INFO  o.s.b.d.env.DevToolsPropertyDefaultsPostProcessor - For additional web related logging consider setting the 'logging.level.web' property to 'DEBUG'
2026-04-08 23:52:58.574 [restartedMain] INFO  c.u.j.c.EnableEncryptablePropertiesBeanFactoryPostProcessor - Post-processing PropertySource instances
2026-04-08 23:52:58.574 [restartedMain] INFO  c.u.j.EncryptablePropertySourceConverter - Skipping PropertySource configurationProperties [class org.springframework.boot.context.properties.source.ConfigurationPropertySourcesPropertySource
2026-04-08 23:52:58.574 [restartedMain] INFO  c.u.j.EncryptablePropertySourceConverter - Skipping PropertySource servletConfigInitParams [class org.springframework.core.env.PropertySource$StubPropertySource
2026-04-08 23:52:58.574 [restartedMain] INFO  c.u.j.EncryptablePropertySourceConverter - Skipping PropertySource servletContextInitParams [class org.springframework.core.env.PropertySource$StubPropertySource
2026-04-08 23:52:58.575 [restartedMain] INFO  c.u.j.EncryptablePropertySourceConverter - Converting PropertySource systemProperties [org.springframework.core.env.MapPropertySource] to EncryptableMapPropertySourceWrapper
2026-04-08 23:52:58.576 [restartedMain] INFO  c.u.j.EncryptablePropertySourceConverter - Converting PropertySource systemEnvironment [org.springframework.boot.env.SystemEnvironmentPropertySourceEnvironmentPostProcessor$OriginAwareSystemEnvironmentPropertySource] to EncryptableSystemEnvironmentPropertySourceWrapper
2026-04-08 23:52:58.576 [restartedMain] INFO  c.u.j.EncryptablePropertySourceConverter - Converting PropertySource random [org.springframework.boot.env.RandomValuePropertySource] to EncryptablePropertySourceWrapper
2026-04-08 23:52:58.576 [restartedMain] INFO  c.u.j.EncryptablePropertySourceConverter - Converting PropertySource applicationConfig: [classpath:/application.properties] [org.springframework.boot.env.OriginTrackedMapPropertySource] to EncryptableMapPropertySourceWrapper
2026-04-08 23:52:58.576 [restartedMain] INFO  c.u.j.EncryptablePropertySourceConverter - Converting PropertySource devtools [org.springframework.core.env.MapPropertySource] to EncryptableMapPropertySourceWrapper
2026-04-08 23:52:58.678 [restartedMain] INFO  c.u.j.filter.DefaultLazyPropertyFilter - Property Filter custom Bean not found with name 'encryptablePropertyFilter'. Initializing Default Property Filter
2026-04-08 23:52:58.683 [restartedMain] INFO  c.u.j.resolver.DefaultLazyPropertyResolver - Property Resolver custom Bean not found with name 'encryptablePropertyResolver'. Initializing Default Property Resolver
2026-04-08 23:52:58.684 [restartedMain] INFO  c.u.j.detector.DefaultLazyPropertyDetector - Property Detector custom Bean not found with name 'encryptablePropertyDetector'. Initializing Default Property Detector
2026-04-08 23:52:58.938 [restartedMain] INFO  o.s.boot.web.embedded.tomcat.TomcatWebServer - Tomcat initialized with port(s): 9201 (http)
2026-04-08 23:52:58.951 [restartedMain] INFO  org.apache.coyote.http11.Http11NioProtocol - Initializing ProtocolHandler ["http-nio-9201"]
2026-04-08 23:52:58.960 [restartedMain] INFO  org.apache.catalina.core.StandardService - Starting service [Tomcat]
2026-04-08 23:52:58.960 [restartedMain] INFO  org.apache.catalina.core.StandardEngine - Starting Servlet engine: [Apache Tomcat/9.0.14]
2026-04-08 23:52:58.966 [restartedMain] INFO  org.apache.catalina.core.AprLifecycleListener - The APR based Apache Tomcat Native library which allows optimal performance in production environments was not found on the java.library.path: [C:\Users\csj00\.jdks\corretto-1.8.0_412\bin;C:\WINDOWS\Sun\Java\bin;C:\WINDOWS\system32;C:\WINDOWS;F:\vaware\bin\;C:\enviroment\java\bin;C:\Program Files\Common Files\Oracle\Java\javapath;C:\Windows\system32;C:\Windows;C:\Windows\System32\Wbem;C:\Windows\System32\WindowsPowerShell\v1.0\;C:\Windows\System32\OpenSSH\;C:\Program Files (x86)\NVIDIA Corporation\PhysX\Common;C:\WINDOWS\system32;C:\WINDOWS;C:\WINDOWS\System32\Wbem;C:\WINDOWS\System32\WindowsPowerShell\v1.0\;C:\WINDOWS\System32\OpenSSH\;E:\matlab\runtime\win64;E:\matlab\bin;C:\Program Files\dotnet\;E:\MinGW\MinGW\MinGW\bin;E:\SQL\160\Tools\Binn\;C:\Program Files\Microsoft SQL Server\160\Tools\Binn\;C:\Program Files\Microsoft SQL Server\Client SDK\ODBC\170\Tools\Binn\;C:\Program Files\Microsoft SQL Server\160\DTS\Binn\;E:\SQL\160\DTS\Binn\;C:\enviroment\apache-maven-3.9.8\bin;C:\Program Files\MySQL\MySQL Server 8.0\bin;F:\Windows Kits\10\Windows Performance Toolkit\;F:\envirmont\opencv\build\x64\vc16\bin;F:\vivo\pcsuite\;F:\redis\;C:\Program Files\Git\cmd;C:\Program Files\Bandizip\;C:\Program Files\NVIDIA Corporation\NVIDIA App\NvDLISR;F:\cursor\resources\app\bin;C:\Program Files\Docker\Docker\resources\bin;C:\Users\csj00\AppData\Local\nvm;C:\nvm4w\nodejs;D:\nodejs\;C:\Users\csj00\.local\bin;C:\Users\csj00\AppData\Local\Programs\Python\Python313\Scripts\;C:\Users\csj00\AppData\Local\Programs\Python\Python313\;C:\Program Files\MySQL\MySQL Shell 8.0\bin\;C:\Users\csj00\AppData\Local\Microsoft\WindowsApps;E:\vscode\Microsoft VS Code\bin;E:\IntelliJ IDEA 2025.3.2\bin;D:\PyCharm 2025.3.2.1\bin;F:\新建文件夹 (3)\CLion 2024.3.2\bin;C:\Users\csj00\AppData\Local\Pandoc\;F:\Qoder\bin;F:\Antigravity\bin;C:\Users\csj00\AppData\Local\nvm;C:\nvm4w\nodejs;C:\Users\csj00\AppData\Roaming\npm;.]
2026-04-08 23:52:59.036 [restartedMain] INFO  o.a.c.core.ContainerBase.[Tomcat].[localhost].[/] - Initializing Spring embedded WebApplicationContext
2026-04-08 23:52:59.036 [restartedMain] INFO  org.springframework.web.context.ContextLoader - Root WebApplicationContext: initialization completed in 3069 ms
2026-04-08 23:53:00.379 [restartedMain] INFO  o.s.scheduling.concurrent.ThreadPoolTaskExecutor - Initializing ExecutorService 'applicationTaskExecutor'
2026-04-08 23:53:00.556 [restartedMain] INFO  o.s.b.d.autoconfigure.OptionalLiveReloadServer - LiveReload server is running on port 35729
2026-04-08 23:53:00.580 [restartedMain] INFO  org.apache.coyote.http11.Http11NioProtocol - Starting ProtocolHandler ["http-nio-9201"]
2026-04-08 23:53:00.605 [restartedMain] INFO  o.s.boot.web.embedded.tomcat.TomcatWebServer - Tomcat started on port(s): 9201 (http) with context path ''
2026-04-08 23:53:00.605 [restartedMain] INFO  c.u.j.caching.RefreshScopeRefreshedEventListener - Refreshing cached encryptable property sources on ServletWebServerInitializedEvent
2026-04-08 23:53:00.605 [restartedMain] INFO  c.u.j.c.CachingDelegateEncryptablePropertySource - Property Source systemProperties refreshed
2026-04-08 23:53:00.605 [restartedMain] INFO  c.u.j.c.CachingDelegateEncryptablePropertySource - Property Source systemEnvironment refreshed
2026-04-08 23:53:00.605 [restartedMain] INFO  c.u.j.c.CachingDelegateEncryptablePropertySource - Property Source random refreshed
2026-04-08 23:53:00.605 [restartedMain] INFO  c.u.j.c.CachingDelegateEncryptablePropertySource - Property Source applicationConfig: [classpath:/application.properties] refreshed
2026-04-08 23:53:00.605 [restartedMain] INFO  c.u.j.c.CachingDelegateEncryptablePropertySource - Property Source devtools refreshed
2026-04-08 23:53:00.605 [restartedMain] INFO  c.u.j.EncryptablePropertySourceConverter - Skipping PropertySource configurationProperties [class org.springframework.boot.context.properties.source.ConfigurationPropertySourcesPropertySource
2026-04-08 23:53:00.606 [restartedMain] INFO  c.u.j.EncryptablePropertySourceConverter - Skipping PropertySource servletConfigInitParams [class org.springframework.core.env.PropertySource$StubPropertySource
2026-04-08 23:53:00.606 [restartedMain] INFO  c.u.j.EncryptablePropertySourceConverter - Converting PropertySource servletContextInitParams [org.springframework.web.context.support.ServletContextPropertySource] to EncryptableEnumerablePropertySourceWrapper
2026-04-08 23:53:00.608 [restartedMain] INFO  com.rabbiter.oes.OnlineExamSystemApplication - Started OnlineExamSystemApplication in 5.261 seconds (JVM running for 10.029)
2026-04-08 23:53:00.648 [restartedMain] INFO  com.alibaba.druid.pool.DruidDataSource - {dataSource-1} inited
2026-04-08 23:53:15.490 [http-nio-9201-exec-1] INFO  o.a.c.core.ContainerBase.[Tomcat].[localhost].[/] - Initializing Spring DispatcherServlet 'dispatcherServlet'
2026-04-08 23:53:15.490 [http-nio-9201-exec-1] INFO  org.springframework.web.servlet.DispatcherServlet - Initializing Servlet 'dispatcherServlet'
2026-04-08 23:53:15.497 [http-nio-9201-exec-1] INFO  org.springframework.web.servlet.DispatcherServlet - Completed initialization in 7 ms
